[0.346s] DEBUG:colcon:Command line arguments: ['/usr/bin/colcon', 'build', '--packages-up-to', 'micro_ros_agent', '--cmake-args', '-DUAGENT_BUILD_EXECUTABLE=OFF', '-DUAGENT_P2P_PROFILE=OFF', '--no-warn-unused-cli']
[0.346s] DEBUG:colcon:Parsed command line arguments: Namespace(log_base=None, log_level=None, verb_name='build', build_base='build', install_base='install', merge_install=False, symlink_install=False, test_result_base=None, continue_on_error=False, executor='parallel', parallel_workers=8, event_handlers=None, ignore_user_meta=False, metas=['./colcon.meta'], base_paths=['.'], packages_ignore=None, packages_ignore_regex=None, paths=None, packages_up_to=['micro_ros_agent'], packages_up_to_regex=None, packages_above=None, packages_above_and_dependencies=None, packages_above_depth=None, packages_select_by_dep=None, packages_skip_by_dep=None, packages_skip_up_to=None, packages_select_build_failed=False, packages_skip_build_finished=False, packages_select_test_failures=False, packages_skip_test_passed=False, packages_select=None, packages_skip=None, packages_select_regex=None, packages_skip_regex=None, packages_start=None, packages_end=None, allow_overriding=[], cmake_args=['-DUAGENT_BUILD_EXECUTABLE=OFF', '-DUAGENT_P2P_PROFILE=OFF', '--no-warn-unused-cli'], cmake_target=None, cmake_target_skip_unavailable=False, cmake_clean_cache=False, cmake_clean_first=False, cmake_force_configure=False, ament_cmake_args=None, catkin_cmake_args=None, catkin_skip_building_tests=False, verb_parser=<colcon_defaults.argument_parser.defaults.DefaultArgumentsDecorator object at 0x7fbd748637c0>, verb_extension=<colcon_core.verb.build.BuildVerb object at 0x7fbd74863250>, main=<bound method BuildVerb.main of <colcon_core.verb.build.BuildVerb object at 0x7fbd74863250>>)
[0.373s] Level 1:colcon.colcon_core.package_discovery:discover_packages(colcon_meta) check parameters
[0.373s] Level 1:colcon.colcon_core.package_discovery:discover_packages(recursive) check parameters
[0.373s] Level 1:colcon.colcon_core.package_discovery:discover_packages(ignore) check parameters
[0.373s] Level 1:colcon.colcon_core.package_discovery:discover_packages(path) check parameters
[0.373s] Level 1:colcon.colcon_core.package_discovery:discover_packages(colcon_meta) discover
[0.373s] Level 1:colcon.colcon_core.package_discovery:discover_packages(recursive) discover
[0.373s] INFO:colcon.colcon_core.package_discovery:Crawling recursively for packages in '/home/phyo/microros_ws'
[0.373s] Level 1:colcon.colcon_core.package_identification:_identify(.) by extensions ['ignore', 'ignore_ament_install']
[0.374s] Level 1:colcon.colcon_core.package_identification:_identify(.) by extension 'ignore'
[0.374s] Level 1:colcon.colcon_core.package_identification:_identify(.) by extension 'ignore_ament_install'
[0.374s] Level 1:colcon.colcon_core.package_identification:_identify(.) by extensions ['colcon_pkg']
[0.374s] Level 1:colcon.colcon_core.package_identification:_identify(.) by extension 'colcon_pkg'
[0.374s] Level 1:colcon.colcon_core.package_identification:_identify(.) by extensions ['colcon_meta']
[0.374s] Level 1:colcon.colcon_core.package_identification:_identify(.) by extension 'colcon_meta'
[0.374s] Level 1:colcon.colcon_core.package_identification:_identify(.) by extensions ['ros']
[0.374s] Level 1:colcon.colcon_core.package_identification:_identify(.) by extension 'ros'
[0.384s] Level 1:colcon.colcon_core.package_identification:_identify(.) by extensions ['cmake', 'python']
[0.384s] Level 1:colcon.colcon_core.package_identification:_identify(.) by extension 'cmake'
[0.384s] Level 1:colcon.colcon_core.package_identification:_identify(.) by extension 'python'
[0.384s] Level 1:colcon.colcon_core.package_identification:_identify(.) by extensions ['python_setup_py']
[0.384s] Level 1:colcon.colcon_core.package_identification:_identify(.) by extension 'python_setup_py'
[0.384s] Level 1:colcon.colcon_core.package_identification:_identify(build) by extensions ['ignore', 'ignore_ament_install']
[0.385s] Level 1:colcon.colcon_core.package_identification:_identify(build) by extension 'ignore'
[0.385s] Level 1:colcon.colcon_core.package_identification:_identify(build) ignored
[0.385s] Level 1:colcon.colcon_core.package_identification:_identify(install) by extensions ['ignore', 'ignore_ament_install']
[0.385s] Level 1:colcon.colcon_core.package_identification:_identify(install) by extension 'ignore'
[0.385s] Level 1:colcon.colcon_core.package_identification:_identify(install) ignored
[0.385s] Level 1:colcon.colcon_core.package_identification:_identify(log) by extensions ['ignore', 'ignore_ament_install']
[0.385s] Level 1:colcon.colcon_core.package_identification:_identify(log) by extension 'ignore'
[0.385s] Level 1:colcon.colcon_core.package_identification:_identify(log) ignored
[0.385s] Level 1:colcon.colcon_core.package_identification:_identify(src) by extensions ['ignore', 'ignore_ament_install']
[0.385s] Level 1:colcon.colcon_core.package_identification:_identify(src) by extension 'ignore'
[0.385s] Level 1:colcon.colcon_core.package_identification:_identify(src) by extension 'ignore_ament_install'
[0.385s] Level 1:colcon.colcon_core.package_identification:_identify(src) by extensions ['colcon_pkg']
[0.385s] Level 1:colcon.colcon_core.package_identification:_identify(src) by extension 'colcon_pkg'
[0.385s] Level 1:colcon.colcon_core.package_identification:_identify(src) by extensions ['colcon_meta']
[0.385s] Level 1:colcon.colcon_core.package_identification:_identify(src) by extension 'colcon_meta'
[0.385s] Level 1:colcon.colcon_core.package_identification:_identify(src) by extensions ['ros']
[0.385s] Level 1:colcon.colcon_core.package_identification:_identify(src) by extension 'ros'
[0.386s] Level 1:colcon.colcon_core.package_identification:_identify(src) by extensions ['cmake', 'python']
[0.386s] Level 1:colcon.colcon_core.package_identification:_identify(src) by extension 'cmake'
[0.386s] Level 1:colcon.colcon_core.package_identification:_identify(src) by extension 'python'
[0.386s] Level 1:colcon.colcon_core.package_identification:_identify(src) by extensions ['python_setup_py']
[0.386s] Level 1:colcon.colcon_core.package_identification:_identify(src) by extension 'python_setup_py'
[0.386s] Level 1:colcon.colcon_core.package_identification:_identify(src/micro_ros_setup) by extensions ['ignore', 'ignore_ament_install']
[0.386s] Level 1:colcon.colcon_core.package_identification:_identify(src/micro_ros_setup) by extension 'ignore'
[0.386s] Level 1:colcon.colcon_core.package_identification:_identify(src/micro_ros_setup) by extension 'ignore_ament_install'
[0.386s] Level 1:colcon.colcon_core.package_identification:_identify(src/micro_ros_setup) by extensions ['colcon_pkg']
[0.386s] Level 1:colcon.colcon_core.package_identification:_identify(src/micro_ros_setup) by extension 'colcon_pkg'
[0.386s] Level 1:colcon.colcon_core.package_identification:_identify(src/micro_ros_setup) by extensions ['colcon_meta']
[0.386s] Level 1:colcon.colcon_core.package_identification:_identify(src/micro_ros_setup) by extension 'colcon_meta'
[0.386s] Level 1:colcon.colcon_core.package_identification:_identify(src/micro_ros_setup) by extensions ['ros']
[0.386s] Level 1:colcon.colcon_core.package_identification:_identify(src/micro_ros_setup) by extension 'ros'
[0.389s] DEBUG:colcon.colcon_core.package_identification:Package 'src/micro_ros_setup' with type 'ros.ament_cmake' and name 'micro_ros_setup'
[0.389s] Level 1:colcon.colcon_core.package_identification:_identify(src/uros) by extensions ['ignore', 'ignore_ament_install']
[0.389s] Level 1:colcon.colcon_core.package_identification:_identify(src/uros) by extension 'ignore'
[0.389s] Level 1:colcon.colcon_core.package_identification:_identify(src/uros) by extension 'ignore_ament_install'
[0.389s] Level 1:colcon.colcon_core.package_identification:_identify(src/uros) by extensions ['colcon_pkg']
[0.389s] Level 1:colcon.colcon_core.package_identification:_identify(src/uros) by extension 'colcon_pkg'
[0.389s] Level 1:colcon.colcon_core.package_identification:_identify(src/uros) by extensions ['colcon_meta']
[0.389s] Level 1:colcon.colcon_core.package_identification:_identify(src/uros) by extension 'colcon_meta'
[0.389s] Level 1:colcon.colcon_core.package_identification:_identify(src/uros) by extensions ['ros']
[0.389s] Level 1:colcon.colcon_core.package_identification:_identify(src/uros) by extension 'ros'
[0.390s] Level 1:colcon.colcon_core.package_identification:_identify(src/uros) by extensions ['cmake', 'python']
[0.390s] Level 1:colcon.colcon_core.package_identification:_identify(src/uros) by extension 'cmake'
[0.390s] Level 1:colcon.colcon_core.package_identification:_identify(src/uros) by extension 'python'
[0.390s] Level 1:colcon.colcon_core.package_identification:_identify(src/uros) by extensions ['python_setup_py']
[0.390s] Level 1:colcon.colcon_core.package_identification:_identify(src/uros) by extension 'python_setup_py'
[0.390s] Level 1:colcon.colcon_core.package_identification:_identify(src/uros/micro-ROS-Agent) by extensions ['ignore', 'ignore_ament_install']
[0.390s] Level 1:colcon.colcon_core.package_identification:_identify(src/uros/micro-ROS-Agent) by extension 'ignore'
[0.390s] Level 1:colcon.colcon_core.package_identification:_identify(src/uros/micro-ROS-Agent) by extension 'ignore_ament_install'
[0.390s] Level 1:colcon.colcon_core.package_identification:_identify(src/uros/micro-ROS-Agent) by extensions ['colcon_pkg']
[0.390s] Level 1:colcon.colcon_core.package_identification:_identify(src/uros/micro-ROS-Agent) by extension 'colcon_pkg'
[0.390s] Level 1:colcon.colcon_core.package_identification:_identify(src/uros/micro-ROS-Agent) by extensions ['colcon_meta']
[0.390s] Level 1:colcon.colcon_core.package_identification:_identify(src/uros/micro-ROS-Agent) by extension 'colcon_meta'
[0.390s] Level 1:colcon.colcon_core.package_identification:_identify(src/uros/micro-ROS-Agent) by extensions ['ros']
[0.390s] Level 1:colcon.colcon_core.package_identification:_identify(src/uros/micro-ROS-Agent) by extension 'ros'
[0.390s] Level 1:colcon.colcon_core.package_identification:_identify(src/uros/micro-ROS-Agent) by extensions ['cmake', 'python']
[0.390s] Level 1:colcon.colcon_core.package_identification:_identify(src/uros/micro-ROS-Agent) by extension 'cmake'
[0.390s] Level 1:colcon.colcon_core.package_identification:_identify(src/uros/micro-ROS-Agent) by extension 'python'
[0.390s] Level 1:colcon.colcon_core.package_identification:_identify(src/uros/micro-ROS-Agent) by extensions ['python_setup_py']
[0.390s] Level 1:colcon.colcon_core.package_identification:_identify(src/uros/micro-ROS-Agent) by extension 'python_setup_py'
[0.390s] Level 1:colcon.colcon_core.package_identification:_identify(src/uros/micro-ROS-Agent/micro_ros_agent) by extensions ['ignore', 'ignore_ament_install']
[0.390s] Level 1:colcon.colcon_core.package_identification:_identify(src/uros/micro-ROS-Agent/micro_ros_agent) by extension 'ignore'
[0.391s] Level 1:colcon.colcon_core.package_identification:_identify(src/uros/micro-ROS-Agent/micro_ros_agent) by extension 'ignore_ament_install'
[0.391s] Level 1:colcon.colcon_core.package_identification:_identify(src/uros/micro-ROS-Agent/micro_ros_agent) by extensions ['colcon_pkg']
[0.391s] Level 1:colcon.colcon_core.package_identification:_identify(src/uros/micro-ROS-Agent/micro_ros_agent) by extension 'colcon_pkg'
[0.391s] Level 1:colcon.colcon_core.package_identification:_identify(src/uros/micro-ROS-Agent/micro_ros_agent) by extensions ['colcon_meta']
[0.391s] Level 1:colcon.colcon_core.package_identification:_identify(src/uros/micro-ROS-Agent/micro_ros_agent) by extension 'colcon_meta'
[0.391s] Level 1:colcon.colcon_core.package_identification:_identify(src/uros/micro-ROS-Agent/micro_ros_agent) by extensions ['ros']
[0.391s] Level 1:colcon.colcon_core.package_identification:_identify(src/uros/micro-ROS-Agent/micro_ros_agent) by extension 'ros'
[0.391s] DEBUG:colcon.colcon_core.package_identification:Package 'src/uros/micro-ROS-Agent/micro_ros_agent' with type 'ros.ament_cmake' and name 'micro_ros_agent'
[0.392s] Level 1:colcon.colcon_core.package_identification:_identify(src/uros/micro-ROS-Agent/snap) by extensions ['ignore', 'ignore_ament_install']
[0.392s] Level 1:colcon.colcon_core.package_identification:_identify(src/uros/micro-ROS-Agent/snap) by extension 'ignore'
[0.392s] Level 1:colcon.colcon_core.package_identification:_identify(src/uros/micro-ROS-Agent/snap) by extension 'ignore_ament_install'
[0.392s] Level 1:colcon.colcon_core.package_identification:_identify(src/uros/micro-ROS-Agent/snap) by extensions ['colcon_pkg']
[0.392s] Level 1:colcon.colcon_core.package_identification:_identify(src/uros/micro-ROS-Agent/snap) by extension 'colcon_pkg'
[0.392s] Level 1:colcon.colcon_core.package_identification:_identify(src/uros/micro-ROS-Agent/snap) by extensions ['colcon_meta']
[0.392s] Level 1:colcon.colcon_core.package_identification:_identify(src/uros/micro-ROS-Agent/snap) by extension 'colcon_meta'
[0.392s] Level 1:colcon.colcon_core.package_identification:_identify(src/uros/micro-ROS-Agent/snap) by extensions ['ros']
[0.392s] Level 1:colcon.colcon_core.package_identification:_identify(src/uros/micro-ROS-Agent/snap) by extension 'ros'
[0.392s] Level 1:colcon.colcon_core.package_identification:_identify(src/uros/micro-ROS-Agent/snap) by extensions ['cmake', 'python']
[0.392s] Level 1:colcon.colcon_core.package_identification:_identify(src/uros/micro-ROS-Agent/snap) by extension 'cmake'
[0.392s] Level 1:colcon.colcon_core.package_identification:_identify(src/uros/micro-ROS-Agent/snap) by extension 'python'
[0.392s] Level 1:colcon.colcon_core.package_identification:_identify(src/uros/micro-ROS-Agent/snap) by extensions ['python_setup_py']
[0.392s] Level 1:colcon.colcon_core.package_identification:_identify(src/uros/micro-ROS-Agent/snap) by extension 'python_setup_py'
[0.392s] Level 1:colcon.colcon_core.package_identification:_identify(src/uros/micro-ROS-Agent/snap/hooks) by extensions ['ignore', 'ignore_ament_install']
[0.392s] Level 1:colcon.colcon_core.package_identification:_identify(src/uros/micro-ROS-Agent/snap/hooks) by extension 'ignore'
[0.392s] Level 1:colcon.colcon_core.package_identification:_identify(src/uros/micro-ROS-Agent/snap/hooks) by extension 'ignore_ament_install'
[0.393s] Level 1:colcon.colcon_core.package_identification:_identify(src/uros/micro-ROS-Agent/snap/hooks) by extensions ['colcon_pkg']
[0.393s] Level 1:colcon.colcon_core.package_identification:_identify(src/uros/micro-ROS-Agent/snap/hooks) by extension 'colcon_pkg'
[0.393s] Level 1:colcon.colcon_core.package_identification:_identify(src/uros/micro-ROS-Agent/snap/hooks) by extensions ['colcon_meta']
[0.393s] Level 1:colcon.colcon_core.package_identification:_identify(src/uros/micro-ROS-Agent/snap/hooks) by extension 'colcon_meta'
[0.393s] Level 1:colcon.colcon_core.package_identification:_identify(src/uros/micro-ROS-Agent/snap/hooks) by extensions ['ros']
[0.393s] Level 1:colcon.colcon_core.package_identification:_identify(src/uros/micro-ROS-Agent/snap/hooks) by extension 'ros'
[0.393s] Level 1:colcon.colcon_core.package_identification:_identify(src/uros/micro-ROS-Agent/snap/hooks) by extensions ['cmake', 'python']
[0.393s] Level 1:colcon.colcon_core.package_identification:_identify(src/uros/micro-ROS-Agent/snap/hooks) by extension 'cmake'
[0.393s] Level 1:colcon.colcon_core.package_identification:_identify(src/uros/micro-ROS-Agent/snap/hooks) by extension 'python'
[0.393s] Level 1:colcon.colcon_core.package_identification:_identify(src/uros/micro-ROS-Agent/snap/hooks) by extensions ['python_setup_py']
[0.393s] Level 1:colcon.colcon_core.package_identification:_identify(src/uros/micro-ROS-Agent/snap/hooks) by extension 'python_setup_py'
[0.393s] Level 1:colcon.colcon_core.package_identification:_identify(src/uros/micro-ROS-Agent/snap/local) by extensions ['ignore', 'ignore_ament_install']
[0.393s] Level 1:colcon.colcon_core.package_identification:_identify(src/uros/micro-ROS-Agent/snap/local) by extension 'ignore'
[0.393s] Level 1:colcon.colcon_core.package_identification:_identify(src/uros/micro-ROS-Agent/snap/local) by extension 'ignore_ament_install'
[0.393s] Level 1:colcon.colcon_core.package_identification:_identify(src/uros/micro-ROS-Agent/snap/local) by extensions ['colcon_pkg']
[0.393s] Level 1:colcon.colcon_core.package_identification:_identify(src/uros/micro-ROS-Agent/snap/local) by extension 'colcon_pkg'
[0.393s] Level 1:colcon.colcon_core.package_identification:_identify(src/uros/micro-ROS-Agent/snap/local) by extensions ['colcon_meta']
[0.393s] Level 1:colcon.colcon_core.package_identification:_identify(src/uros/micro-ROS-Agent/snap/local) by extension 'colcon_meta'
[0.393s] Level 1:colcon.colcon_core.package_identification:_identify(src/uros/micro-ROS-Agent/snap/local) by extensions ['ros']
[0.393s] Level 1:colcon.colcon_core.package_identification:_identify(src/uros/micro-ROS-Agent/snap/local) by extension 'ros'
[0.393s] Level 1:colcon.colcon_core.package_identification:_identify(src/uros/micro-ROS-Agent/snap/local) by extensions ['cmake', 'python']
[0.393s] Level 1:colcon.colcon_core.package_identification:_identify(src/uros/micro-ROS-Agent/snap/local) by extension 'cmake'
[0.393s] Level 1:colcon.colcon_core.package_identification:_identify(src/uros/micro-ROS-Agent/snap/local) by extension 'python'
[0.394s] Level 1:colcon.colcon_core.package_identification:_identify(src/uros/micro-ROS-Agent/snap/local) by extensions ['python_setup_py']
[0.394s] Level 1:colcon.colcon_core.package_identification:_identify(src/uros/micro-ROS-Agent/snap/local) by extension 'python_setup_py'
[0.394s] Level 1:colcon.colcon_core.package_identification:_identify(src/uros/micro_ros_msgs) by extensions ['ignore', 'ignore_ament_install']
[0.394s] Level 1:colcon.colcon_core.package_identification:_identify(src/uros/micro_ros_msgs) by extension 'ignore'
[0.394s] Level 1:colcon.colcon_core.package_identification:_identify(src/uros/micro_ros_msgs) by extension 'ignore_ament_install'
[0.394s] Level 1:colcon.colcon_core.package_identification:_identify(src/uros/micro_ros_msgs) by extensions ['colcon_pkg']
[0.394s] Level 1:colcon.colcon_core.package_identification:_identify(src/uros/micro_ros_msgs) by extension 'colcon_pkg'
[0.394s] Level 1:colcon.colcon_core.package_identification:_identify(src/uros/micro_ros_msgs) by extensions ['colcon_meta']
[0.394s] Level 1:colcon.colcon_core.package_identification:_identify(src/uros/micro_ros_msgs) by extension 'colcon_meta'
[0.394s] Level 1:colcon.colcon_core.package_identification:_identify(src/uros/micro_ros_msgs) by extensions ['ros']
[0.394s] Level 1:colcon.colcon_core.package_identification:_identify(src/uros/micro_ros_msgs) by extension 'ros'
[0.394s] DEBUG:colcon.colcon_core.package_identification:Package 'src/uros/micro_ros_msgs' with type 'ros.ament_cmake' and name 'micro_ros_msgs'
[0.394s] Level 1:colcon.colcon_core.package_discovery:discover_packages(recursive) using defaults
[0.394s] Level 1:colcon.colcon_core.package_discovery:discover_packages(ignore) discover
[0.394s] Level 1:colcon.colcon_core.package_discovery:discover_packages(ignore) using defaults
[0.394s] Level 1:colcon.colcon_core.package_discovery:discover_packages(path) discover
[0.395s] Level 1:colcon.colcon_core.package_discovery:discover_packages(path) using defaults
[0.442s] INFO:colcon.colcon_core.package_selection:Skipping package 'micro_ros_setup' in 'src/micro_ros_setup'
[0.443s] Level 1:colcon.colcon_core.package_discovery:discover_packages(prefix_path) check parameters
[0.443s] Level 1:colcon.colcon_core.package_discovery:discover_packages(prefix_path) discover
[0.446s] DEBUG:colcon.colcon_installed_package_information.package_discovery:Found 3 installed packages in /home/phyo/microros_ws/install
[0.447s] DEBUG:colcon.colcon_installed_package_information.package_discovery:Found 1 installed packages in /home/phyo/lidar_ws/install
[0.450s] DEBUG:colcon.colcon_installed_package_information.package_discovery:Found 29 installed packages in /home/phyo/ROS2/workspace/install
[0.452s] DEBUG:colcon.colcon_installed_package_information.package_discovery:Found 318 installed packages in /opt/ros/humble
[0.454s] Level 1:colcon.colcon_core.package_discovery:discover_packages(prefix_path) using defaults
[0.707s] Level 5:colcon.colcon_core.verb:set package 'micro_ros_msgs' build argument 'cmake_args' from command line to '['-DUAGENT_BUILD_EXECUTABLE=OFF', '-DUAGENT_P2P_PROFILE=OFF', '--no-warn-unused-cli']'
[0.707s] Level 5:colcon.colcon_core.verb:set package 'micro_ros_msgs' build argument 'cmake_target' from command line to 'None'
[0.707s] Level 5:colcon.colcon_core.verb:set package 'micro_ros_msgs' build argument 'cmake_target_skip_unavailable' from command line to 'False'
[0.707s] Level 5:colcon.colcon_core.verb:set package 'micro_ros_msgs' build argument 'cmake_clean_cache' from command line to 'False'
[0.707s] Level 5:colcon.colcon_core.verb:set package 'micro_ros_msgs' build argument 'cmake_clean_first' from command line to 'False'
[0.707s] Level 5:colcon.colcon_core.verb:set package 'micro_ros_msgs' build argument 'cmake_force_configure' from command line to 'False'
[0.707s] Level 5:colcon.colcon_core.verb:set package 'micro_ros_msgs' build argument 'ament_cmake_args' from command line to 'None'
[0.707s] Level 5:colcon.colcon_core.verb:set package 'micro_ros_msgs' build argument 'catkin_cmake_args' from command line to 'None'
[0.707s] Level 5:colcon.colcon_core.verb:set package 'micro_ros_msgs' build argument 'catkin_skip_building_tests' from command line to 'False'
[0.707s] DEBUG:colcon.colcon_core.verb:Building package 'micro_ros_msgs' with the following arguments: {'ament_cmake_args': None, 'build_base': '/home/phyo/microros_ws/build/micro_ros_msgs', 'catkin_cmake_args': None, 'catkin_skip_building_tests': False, 'cmake_args': ['-DUAGENT_BUILD_EXECUTABLE=OFF', '-DUAGENT_P2P_PROFILE=OFF', '--no-warn-unused-cli'], 'cmake_clean_cache': False, 'cmake_clean_first': False, 'cmake_force_configure': False, 'cmake_target': None, 'cmake_target_skip_unavailable': False, 'install_base': '/home/phyo/microros_ws/install/micro_ros_msgs', 'merge_install': False, 'path': '/home/phyo/microros_ws/src/uros/micro_ros_msgs', 'symlink_install': False, 'test_result_base': None}
[0.708s] Level 5:colcon.colcon_core.verb:set package 'micro_ros_agent' build argument 'cmake_args' from command line to '['-DUAGENT_BUILD_EXECUTABLE=OFF', '-DUAGENT_P2P_PROFILE=OFF', '--no-warn-unused-cli']'
[0.708s] Level 5:colcon.colcon_core.verb:set package 'micro_ros_agent' build argument 'cmake_target' from command line to 'None'
[0.708s] Level 5:colcon.colcon_core.verb:set package 'micro_ros_agent' build argument 'cmake_target_skip_unavailable' from command line to 'False'
[0.708s] Level 5:colcon.colcon_core.verb:set package 'micro_ros_agent' build argument 'cmake_clean_cache' from command line to 'False'
[0.708s] Level 5:colcon.colcon_core.verb:set package 'micro_ros_agent' build argument 'cmake_clean_first' from command line to 'False'
[0.708s] Level 5:colcon.colcon_core.verb:set package 'micro_ros_agent' build argument 'cmake_force_configure' from command line to 'False'
[0.708s] Level 5:colcon.colcon_core.verb:set package 'micro_ros_agent' build argument 'ament_cmake_args' from command line to 'None'
[0.708s] Level 5:colcon.colcon_core.verb:set package 'micro_ros_agent' build argument 'catkin_cmake_args' from command line to 'None'
[0.708s] Level 5:colcon.colcon_core.verb:set package 'micro_ros_agent' build argument 'catkin_skip_building_tests' from command line to 'False'
[0.708s] DEBUG:colcon.colcon_core.verb:Building package 'micro_ros_agent' with the following arguments: {'ament_cmake_args': None, 'build_base': '/home/phyo/microros_ws/build/micro_ros_agent', 'catkin_cmake_args': None, 'catkin_skip_building_tests': False, 'cmake_args': ['-DUAGENT_BUILD_EXECUTABLE=OFF', '-DUAGENT_P2P_PROFILE=OFF', '--no-warn-unused-cli'], 'cmake_clean_cache': False, 'cmake_clean_first': False, 'cmake_force_configure': False, 'cmake_target': None, 'cmake_target_skip_unavailable': False, 'install_base': '/home/phyo/microros_ws/install/micro_ros_agent', 'merge_install': False, 'path': '/home/phyo/microros_ws/src/uros/micro-ROS-Agent/micro_ros_agent', 'symlink_install': False, 'test_result_base': None}
[0.709s] INFO:colcon.colcon_core.executor:Executing jobs using 'parallel' executor
[0.712s] DEBUG:colcon.colcon_parallel_executor.executor.parallel:run_until_complete
[0.713s] INFO:colcon.colcon_ros.task.ament_cmake.build:Building ROS package in '/home/phyo/microros_ws/src/uros/micro_ros_msgs' with build type 'ament_cmake'
[0.713s] INFO:colcon.colcon_cmake.task.cmake.build:Building CMake package in '/home/phyo/microros_ws/src/uros/micro_ros_msgs'
[0.717s] INFO:colcon.colcon_core.plugin_system:Skipping extension 'colcon_core.shell.bat': Not used on non-Windows systems
[0.717s] INFO:colcon.colcon_core.shell:Skip shell extension 'powershell' for command environment: Not usable outside of PowerShell
[0.717s] DEBUG:colcon.colcon_core.shell:Skip shell extension 'dsv' for command environment
[0.731s] DEBUG:colcon.colcon_core.event_handler.log_command:Invoking command in '/home/phyo/microros_ws/build/micro_ros_msgs': CMAKE_PREFIX_PATH=${CMAKE_PREFIX_PATH}:/home/phyo/ROS2/workspace/install/urdf_example:/home/phyo/ROS2/workspace/install/py_srvcli:/home/phyo/ROS2/workspace/install/py_pubsub:/home/phyo/ROS2/workspace/install/turtlebot3_dqn:/home/phyo/ROS2/workspace/install/python_parameters:/home/phyo/ROS2/workspace/install/py_launch_example:/home/phyo/ROS2/workspace/install/learning_tf2_py:/home/phyo/ROS2/workspace/install/launch_tutorial:/opt/ros/humble /usr/bin/cmake --build /home/phyo/microros_ws/build/micro_ros_msgs -- -j8 -l8
[1.165s] DEBUG:colcon.colcon_core.event_handler.log_command:Invoked command in '/home/phyo/microros_ws/build/micro_ros_msgs' returned '0': CMAKE_PREFIX_PATH=${CMAKE_PREFIX_PATH}:/home/phyo/ROS2/workspace/install/urdf_example:/home/phyo/ROS2/workspace/install/py_srvcli:/home/phyo/ROS2/workspace/install/py_pubsub:/home/phyo/ROS2/workspace/install/turtlebot3_dqn:/home/phyo/ROS2/workspace/install/python_parameters:/home/phyo/ROS2/workspace/install/py_launch_example:/home/phyo/ROS2/workspace/install/learning_tf2_py:/home/phyo/ROS2/workspace/install/launch_tutorial:/opt/ros/humble /usr/bin/cmake --build /home/phyo/microros_ws/build/micro_ros_msgs -- -j8 -l8
[1.296s] DEBUG:colcon.colcon_core.event_handler.log_command:Invoking command in '/home/phyo/microros_ws/build/micro_ros_msgs': CMAKE_PREFIX_PATH=${CMAKE_PREFIX_PATH}:/home/phyo/ROS2/workspace/install/urdf_example:/home/phyo/ROS2/workspace/install/py_srvcli:/home/phyo/ROS2/workspace/install/py_pubsub:/home/phyo/ROS2/workspace/install/turtlebot3_dqn:/home/phyo/ROS2/workspace/install/python_parameters:/home/phyo/ROS2/workspace/install/py_launch_example:/home/phyo/ROS2/workspace/install/learning_tf2_py:/home/phyo/ROS2/workspace/install/launch_tutorial:/opt/ros/humble /usr/bin/cmake --install /home/phyo/microros_ws/build/micro_ros_msgs
[1.381s] Level 1:colcon.colcon_core.environment:create_environment_scripts_only(micro_ros_msgs)
[1.383s] DEBUG:colcon.colcon_core.event_handler.log_command:Invoked command in '/home/phyo/microros_ws/build/micro_ros_msgs' returned '0': CMAKE_PREFIX_PATH=${CMAKE_PREFIX_PATH}:/home/phyo/ROS2/workspace/install/urdf_example:/home/phyo/ROS2/workspace/install/py_srvcli:/home/phyo/ROS2/workspace/install/py_pubsub:/home/phyo/ROS2/workspace/install/turtlebot3_dqn:/home/phyo/ROS2/workspace/install/python_parameters:/home/phyo/ROS2/workspace/install/py_launch_example:/home/phyo/ROS2/workspace/install/learning_tf2_py:/home/phyo/ROS2/workspace/install/launch_tutorial:/opt/ros/humble /usr/bin/cmake --install /home/phyo/microros_ws/build/micro_ros_msgs
[1.389s] Level 1:colcon.colcon_core.environment:checking '/home/phyo/microros_ws/install/micro_ros_msgs' for CMake module files
[1.390s] Level 1:colcon.colcon_core.environment:checking '/home/phyo/microros_ws/install/micro_ros_msgs' for CMake config files
[1.391s] Level 1:colcon.colcon_core.shell:create_environment_hook('micro_ros_msgs', 'cmake_prefix_path')
[1.393s] INFO:colcon.colcon_core.shell:Creating environment hook '/home/phyo/microros_ws/install/micro_ros_msgs/share/micro_ros_msgs/hook/cmake_prefix_path.ps1'
[1.394s] INFO:colcon.colcon_core.shell:Creating environment descriptor '/home/phyo/microros_ws/install/micro_ros_msgs/share/micro_ros_msgs/hook/cmake_prefix_path.dsv'
[1.394s] INFO:colcon.colcon_core.shell:Creating environment hook '/home/phyo/microros_ws/install/micro_ros_msgs/share/micro_ros_msgs/hook/cmake_prefix_path.sh'
[1.395s] Level 1:colcon.colcon_core.environment:checking '/home/phyo/microros_ws/install/micro_ros_msgs/lib'
[1.395s] Level 1:colcon.colcon_core.shell:create_environment_hook('micro_ros_msgs', 'ld_library_path_lib')
[1.397s] INFO:colcon.colcon_core.shell:Creating environment hook '/home/phyo/microros_ws/install/micro_ros_msgs/share/micro_ros_msgs/hook/ld_library_path_lib.ps1'
[1.397s] INFO:colcon.colcon_core.shell:Creating environment descriptor '/home/phyo/microros_ws/install/micro_ros_msgs/share/micro_ros_msgs/hook/ld_library_path_lib.dsv'
[1.398s] INFO:colcon.colcon_core.shell:Creating environment hook '/home/phyo/microros_ws/install/micro_ros_msgs/share/micro_ros_msgs/hook/ld_library_path_lib.sh'
[1.398s] Level 1:colcon.colcon_core.environment:checking '/home/phyo/microros_ws/install/micro_ros_msgs/bin'
[1.398s] Level 1:colcon.colcon_core.environment:checking '/home/phyo/microros_ws/install/micro_ros_msgs/lib/pkgconfig/micro_ros_msgs.pc'
[1.398s] Level 1:colcon.colcon_core.environment:checking '/home/phyo/microros_ws/install/micro_ros_msgs/lib/python3.10/site-packages'
[1.399s] Level 1:colcon.colcon_core.environment:checking '/home/phyo/microros_ws/install/micro_ros_msgs/bin'
[1.400s] INFO:colcon.colcon_core.shell:Creating package script '/home/phyo/microros_ws/install/micro_ros_msgs/share/micro_ros_msgs/package.ps1'
[1.401s] INFO:colcon.colcon_core.shell:Creating package descriptor '/home/phyo/microros_ws/install/micro_ros_msgs/share/micro_ros_msgs/package.dsv'
[1.402s] INFO:colcon.colcon_core.shell:Creating package script '/home/phyo/microros_ws/install/micro_ros_msgs/share/micro_ros_msgs/package.sh'
[1.402s] INFO:colcon.colcon_core.shell:Creating package script '/home/phyo/microros_ws/install/micro_ros_msgs/share/micro_ros_msgs/package.bash'
[1.403s] INFO:colcon.colcon_core.shell:Creating package script '/home/phyo/microros_ws/install/micro_ros_msgs/share/micro_ros_msgs/package.zsh'
[1.404s] Level 1:colcon.colcon_core.environment:create_file_with_runtime_dependencies(/home/phyo/microros_ws/install/micro_ros_msgs/share/colcon-core/packages/micro_ros_msgs)
[1.890s] Level 1:colcon.colcon_core.environment:create_environment_scripts_only(micro_ros_msgs)
[1.898s] Level 1:colcon.colcon_core.environment:checking '/home/phyo/microros_ws/install/micro_ros_msgs' for CMake module files
[1.901s] Level 1:colcon.colcon_core.environment:checking '/home/phyo/microros_ws/install/micro_ros_msgs' for CMake config files
[1.904s] Level 1:colcon.colcon_core.shell:create_environment_hook('micro_ros_msgs', 'cmake_prefix_path')
[1.909s] INFO:colcon.colcon_core.shell:Creating environment hook '/home/phyo/microros_ws/install/micro_ros_msgs/share/micro_ros_msgs/hook/cmake_prefix_path.ps1'
[1.910s] INFO:colcon.colcon_core.shell:Creating environment descriptor '/home/phyo/microros_ws/install/micro_ros_msgs/share/micro_ros_msgs/hook/cmake_prefix_path.dsv'
[1.911s] INFO:colcon.colcon_core.shell:Creating environment hook '/home/phyo/microros_ws/install/micro_ros_msgs/share/micro_ros_msgs/hook/cmake_prefix_path.sh'
[1.912s] Level 1:colcon.colcon_core.environment:checking '/home/phyo/microros_ws/install/micro_ros_msgs/lib'
[1.912s] Level 1:colcon.colcon_core.shell:create_environment_hook('micro_ros_msgs', 'ld_library_path_lib')
[1.915s] INFO:colcon.colcon_core.shell:Creating environment hook '/home/phyo/microros_ws/install/micro_ros_msgs/share/micro_ros_msgs/hook/ld_library_path_lib.ps1'
[1.916s] INFO:colcon.colcon_core.shell:Creating environment descriptor '/home/phyo/microros_ws/install/micro_ros_msgs/share/micro_ros_msgs/hook/ld_library_path_lib.dsv'
[1.917s] INFO:colcon.colcon_core.shell:Creating environment hook '/home/phyo/microros_ws/install/micro_ros_msgs/share/micro_ros_msgs/hook/ld_library_path_lib.sh'
[1.918s] Level 1:colcon.colcon_core.environment:checking '/home/phyo/microros_ws/install/micro_ros_msgs/bin'
[1.918s] Level 1:colcon.colcon_core.environment:checking '/home/phyo/microros_ws/install/micro_ros_msgs/lib/pkgconfig/micro_ros_msgs.pc'
[1.918s] Level 1:colcon.colcon_core.environment:checking '/home/phyo/microros_ws/install/micro_ros_msgs/lib/python3.10/site-packages'
[1.918s] Level 1:colcon.colcon_core.environment:checking '/home/phyo/microros_ws/install/micro_ros_msgs/bin'
[1.921s] INFO:colcon.colcon_core.shell:Creating package script '/home/phyo/microros_ws/install/micro_ros_msgs/share/micro_ros_msgs/package.ps1'
[1.922s] INFO:colcon.colcon_core.shell:Creating package descriptor '/home/phyo/microros_ws/install/micro_ros_msgs/share/micro_ros_msgs/package.dsv'
[1.922s] INFO:colcon.colcon_core.shell:Creating package script '/home/phyo/microros_ws/install/micro_ros_msgs/share/micro_ros_msgs/package.sh'
[1.923s] INFO:colcon.colcon_core.shell:Creating package script '/home/phyo/microros_ws/install/micro_ros_msgs/share/micro_ros_msgs/package.bash'
[1.923s] INFO:colcon.colcon_core.shell:Creating package script '/home/phyo/microros_ws/install/micro_ros_msgs/share/micro_ros_msgs/package.zsh'
[1.924s] Level 1:colcon.colcon_core.environment:create_file_with_runtime_dependencies(/home/phyo/microros_ws/install/micro_ros_msgs/share/colcon-core/packages/micro_ros_msgs)
[1.924s] INFO:colcon.colcon_ros.task.ament_cmake.build:Building ROS package in '/home/phyo/microros_ws/src/uros/micro-ROS-Agent/micro_ros_agent' with build type 'ament_cmake'
[1.925s] INFO:colcon.colcon_cmake.task.cmake.build:Building CMake package in '/home/phyo/microros_ws/src/uros/micro-ROS-Agent/micro_ros_agent'
[1.926s] INFO:colcon.colcon_core.shell:Skip shell extension 'powershell' for command environment: Not usable outside of PowerShell
[1.927s] DEBUG:colcon.colcon_core.shell:Skip shell extension 'dsv' for command environment
[1.955s] DEBUG:colcon.colcon_core.event_handler.log_command:Invoking command in '/home/phyo/microros_ws/build/micro_ros_agent': AMENT_PREFIX_PATH=/home/phyo/microros_ws/install/micro_ros_msgs:${AMENT_PREFIX_PATH} CMAKE_PREFIX_PATH=/home/phyo/microros_ws/install/micro_ros_msgs:/home/phyo/microros_ws/install/micro_ros_setup:/home/phyo/ROS2/workspace/install/tutorial_interfaces:/home/phyo/ROS2/workspace/install/turtlebot3_simulations:/home/phyo/ROS2/workspace/install/turtlebot3_gazebo:/home/phyo/ROS2/workspace/install/turtlebot3_fake_node:/home/phyo/ROS2/workspace/install/test:/home/phyo/ROS2/workspace/install/sllidar_ros2:/home/phyo/ROS2/workspace/install/rom2109_description:/home/phyo/ROS2/workspace/install/my_bot:/home/phyo/ROS2/workspace/install/more_interfaces:/home/phyo/ROS2/workspace/install/dynamixel_sdk_examples:/home/phyo/ROS2/workspace/install/dynamixel_sdk_custom_interfaces:/home/phyo/ROS2/workspace/install/dynamixel_sdk:/home/phyo/ROS2/workspace/install/dynamixel_hardware:/home/phyo/lidar_ws/install/sllidar_ros2:/home/phyo/ROS2/workspace/install/urdf_example:/home/phyo/ROS2/workspace/install/py_srvcli:/home/phyo/ROS2/workspace/install/py_pubsub:/home/phyo/ROS2/workspace/install/turtlebot3_dqn:/home/phyo/ROS2/workspace/install/python_parameters:/home/phyo/ROS2/workspace/install/py_launch_example:/home/phyo/ROS2/workspace/install/learning_tf2_py:/home/phyo/ROS2/workspace/install/launch_tutorial:/opt/ros/humble LD_LIBRARY_PATH=/home/phyo/microros_ws/install/micro_ros_msgs/lib:${LD_LIBRARY_PATH} PYTHONPATH=/home/phyo/microros_ws/install/micro_ros_msgs/local/lib/python3.10/dist-packages:${PYTHONPATH} /usr/bin/cmake --build /home/phyo/microros_ws/build/micro_ros_agent -- -j8 -l8
[2.058s] DEBUG:colcon.colcon_core.event_handler.log_command:Invoked command in '/home/phyo/microros_ws/build/micro_ros_agent' returned '0': AMENT_PREFIX_PATH=/home/phyo/microros_ws/install/micro_ros_msgs:${AMENT_PREFIX_PATH} CMAKE_PREFIX_PATH=/home/phyo/microros_ws/install/micro_ros_msgs:/home/phyo/microros_ws/install/micro_ros_setup:/home/phyo/ROS2/workspace/install/tutorial_interfaces:/home/phyo/ROS2/workspace/install/turtlebot3_simulations:/home/phyo/ROS2/workspace/install/turtlebot3_gazebo:/home/phyo/ROS2/workspace/install/turtlebot3_fake_node:/home/phyo/ROS2/workspace/install/test:/home/phyo/ROS2/workspace/install/sllidar_ros2:/home/phyo/ROS2/workspace/install/rom2109_description:/home/phyo/ROS2/workspace/install/my_bot:/home/phyo/ROS2/workspace/install/more_interfaces:/home/phyo/ROS2/workspace/install/dynamixel_sdk_examples:/home/phyo/ROS2/workspace/install/dynamixel_sdk_custom_interfaces:/home/phyo/ROS2/workspace/install/dynamixel_sdk:/home/phyo/ROS2/workspace/install/dynamixel_hardware:/home/phyo/lidar_ws/install/sllidar_ros2:/home/phyo/ROS2/workspace/install/urdf_example:/home/phyo/ROS2/workspace/install/py_srvcli:/home/phyo/ROS2/workspace/install/py_pubsub:/home/phyo/ROS2/workspace/install/turtlebot3_dqn:/home/phyo/ROS2/workspace/install/python_parameters:/home/phyo/ROS2/workspace/install/py_launch_example:/home/phyo/ROS2/workspace/install/learning_tf2_py:/home/phyo/ROS2/workspace/install/launch_tutorial:/opt/ros/humble LD_LIBRARY_PATH=/home/phyo/microros_ws/install/micro_ros_msgs/lib:${LD_LIBRARY_PATH} PYTHONPATH=/home/phyo/microros_ws/install/micro_ros_msgs/local/lib/python3.10/dist-packages:${PYTHONPATH} /usr/bin/cmake --build /home/phyo/microros_ws/build/micro_ros_agent -- -j8 -l8
[2.099s] DEBUG:colcon.colcon_core.event_handler.log_command:Invoking command in '/home/phyo/microros_ws/build/micro_ros_agent': AMENT_PREFIX_PATH=/home/phyo/microros_ws/install/micro_ros_msgs:${AMENT_PREFIX_PATH} CMAKE_PREFIX_PATH=/home/phyo/microros_ws/install/micro_ros_msgs:/home/phyo/microros_ws/install/micro_ros_setup:/home/phyo/ROS2/workspace/install/tutorial_interfaces:/home/phyo/ROS2/workspace/install/turtlebot3_simulations:/home/phyo/ROS2/workspace/install/turtlebot3_gazebo:/home/phyo/ROS2/workspace/install/turtlebot3_fake_node:/home/phyo/ROS2/workspace/install/test:/home/phyo/ROS2/workspace/install/sllidar_ros2:/home/phyo/ROS2/workspace/install/rom2109_description:/home/phyo/ROS2/workspace/install/my_bot:/home/phyo/ROS2/workspace/install/more_interfaces:/home/phyo/ROS2/workspace/install/dynamixel_sdk_examples:/home/phyo/ROS2/workspace/install/dynamixel_sdk_custom_interfaces:/home/phyo/ROS2/workspace/install/dynamixel_sdk:/home/phyo/ROS2/workspace/install/dynamixel_hardware:/home/phyo/lidar_ws/install/sllidar_ros2:/home/phyo/ROS2/workspace/install/urdf_example:/home/phyo/ROS2/workspace/install/py_srvcli:/home/phyo/ROS2/workspace/install/py_pubsub:/home/phyo/ROS2/workspace/install/turtlebot3_dqn:/home/phyo/ROS2/workspace/install/python_parameters:/home/phyo/ROS2/workspace/install/py_launch_example:/home/phyo/ROS2/workspace/install/learning_tf2_py:/home/phyo/ROS2/workspace/install/launch_tutorial:/opt/ros/humble LD_LIBRARY_PATH=/home/phyo/microros_ws/install/micro_ros_msgs/lib:${LD_LIBRARY_PATH} PYTHONPATH=/home/phyo/microros_ws/install/micro_ros_msgs/local/lib/python3.10/dist-packages:${PYTHONPATH} /usr/bin/cmake --install /home/phyo/microros_ws/build/micro_ros_agent
[2.110s] Level 1:colcon.colcon_core.environment:create_environment_scripts_only(micro_ros_agent)
[2.114s] Level 1:colcon.colcon_core.environment:checking '/home/phyo/microros_ws/install/micro_ros_agent' for CMake module files
[2.115s] DEBUG:colcon.colcon_core.event_handler.log_command:Invoked command in '/home/phyo/microros_ws/build/micro_ros_agent' returned '0': AMENT_PREFIX_PATH=/home/phyo/microros_ws/install/micro_ros_msgs:${AMENT_PREFIX_PATH} CMAKE_PREFIX_PATH=/home/phyo/microros_ws/install/micro_ros_msgs:/home/phyo/microros_ws/install/micro_ros_setup:/home/phyo/ROS2/workspace/install/tutorial_interfaces:/home/phyo/ROS2/workspace/install/turtlebot3_simulations:/home/phyo/ROS2/workspace/install/turtlebot3_gazebo:/home/phyo/ROS2/workspace/install/turtlebot3_fake_node:/home/phyo/ROS2/workspace/install/test:/home/phyo/ROS2/workspace/install/sllidar_ros2:/home/phyo/ROS2/workspace/install/rom2109_description:/home/phyo/ROS2/workspace/install/my_bot:/home/phyo/ROS2/workspace/install/more_interfaces:/home/phyo/ROS2/workspace/install/dynamixel_sdk_examples:/home/phyo/ROS2/workspace/install/dynamixel_sdk_custom_interfaces:/home/phyo/ROS2/workspace/install/dynamixel_sdk:/home/phyo/ROS2/workspace/install/dynamixel_hardware:/home/phyo/lidar_ws/install/sllidar_ros2:/home/phyo/ROS2/workspace/install/urdf_example:/home/phyo/ROS2/workspace/install/py_srvcli:/home/phyo/ROS2/workspace/install/py_pubsub:/home/phyo/ROS2/workspace/install/turtlebot3_dqn:/home/phyo/ROS2/workspace/install/python_parameters:/home/phyo/ROS2/workspace/install/py_launch_example:/home/phyo/ROS2/workspace/install/learning_tf2_py:/home/phyo/ROS2/workspace/install/launch_tutorial:/opt/ros/humble LD_LIBRARY_PATH=/home/phyo/microros_ws/install/micro_ros_msgs/lib:${LD_LIBRARY_PATH} PYTHONPATH=/home/phyo/microros_ws/install/micro_ros_msgs/local/lib/python3.10/dist-packages:${PYTHONPATH} /usr/bin/cmake --install /home/phyo/microros_ws/build/micro_ros_agent
[2.115s] Level 1:colcon.colcon_core.environment:checking '/home/phyo/microros_ws/install/micro_ros_agent' for CMake config files
[2.117s] Level 1:colcon.colcon_core.shell:create_environment_hook('micro_ros_agent', 'cmake_prefix_path')
[2.120s] INFO:colcon.colcon_core.shell:Creating environment hook '/home/phyo/microros_ws/install/micro_ros_agent/share/micro_ros_agent/hook/cmake_prefix_path.ps1'
[2.120s] INFO:colcon.colcon_core.shell:Creating environment descriptor '/home/phyo/microros_ws/install/micro_ros_agent/share/micro_ros_agent/hook/cmake_prefix_path.dsv'
[2.121s] INFO:colcon.colcon_core.shell:Creating environment hook '/home/phyo/microros_ws/install/micro_ros_agent/share/micro_ros_agent/hook/cmake_prefix_path.sh'
[2.121s] Level 1:colcon.colcon_core.environment:checking '/home/phyo/microros_ws/install/micro_ros_agent/lib'
[2.121s] Level 1:colcon.colcon_core.shell:create_environment_hook('micro_ros_agent', 'ld_library_path_lib')
[2.123s] INFO:colcon.colcon_core.shell:Creating environment hook '/home/phyo/microros_ws/install/micro_ros_agent/share/micro_ros_agent/hook/ld_library_path_lib.ps1'
[2.123s] INFO:colcon.colcon_core.shell:Creating environment descriptor '/home/phyo/microros_ws/install/micro_ros_agent/share/micro_ros_agent/hook/ld_library_path_lib.dsv'
[2.123s] INFO:colcon.colcon_core.shell:Creating environment hook '/home/phyo/microros_ws/install/micro_ros_agent/share/micro_ros_agent/hook/ld_library_path_lib.sh'
[2.124s] Level 1:colcon.colcon_core.environment:checking '/home/phyo/microros_ws/install/micro_ros_agent/bin'
[2.124s] Level 1:colcon.colcon_core.environment:checking '/home/phyo/microros_ws/install/micro_ros_agent/lib/pkgconfig/micro_ros_agent.pc'
[2.124s] Level 1:colcon.colcon_core.environment:checking '/home/phyo/microros_ws/install/micro_ros_agent/lib/python3.10/site-packages'
[2.124s] Level 1:colcon.colcon_core.environment:checking '/home/phyo/microros_ws/install/micro_ros_agent/bin'
[2.126s] INFO:colcon.colcon_core.shell:Creating package script '/home/phyo/microros_ws/install/micro_ros_agent/share/micro_ros_agent/package.ps1'
[2.126s] INFO:colcon.colcon_core.shell:Creating package descriptor '/home/phyo/microros_ws/install/micro_ros_agent/share/micro_ros_agent/package.dsv'
[2.126s] INFO:colcon.colcon_core.shell:Creating package script '/home/phyo/microros_ws/install/micro_ros_agent/share/micro_ros_agent/package.sh'
[2.127s] INFO:colcon.colcon_core.shell:Creating package script '/home/phyo/microros_ws/install/micro_ros_agent/share/micro_ros_agent/package.bash'
[2.127s] INFO:colcon.colcon_core.shell:Creating package script '/home/phyo/microros_ws/install/micro_ros_agent/share/micro_ros_agent/package.zsh'
[2.127s] Level 1:colcon.colcon_core.environment:create_file_with_runtime_dependencies(/home/phyo/microros_ws/install/micro_ros_agent/share/colcon-core/packages/micro_ros_agent)
[2.169s] Level 1:colcon.colcon_core.environment:create_environment_scripts_only(micro_ros_agent)
[2.171s] Level 1:colcon.colcon_core.environment:checking '/home/phyo/microros_ws/install/micro_ros_agent' for CMake module files
[2.171s] Level 1:colcon.colcon_core.environment:checking '/home/phyo/microros_ws/install/micro_ros_agent' for CMake config files
[2.173s] Level 1:colcon.colcon_core.shell:create_environment_hook('micro_ros_agent', 'cmake_prefix_path')
[2.174s] INFO:colcon.colcon_core.shell:Creating environment hook '/home/phyo/microros_ws/install/micro_ros_agent/share/micro_ros_agent/hook/cmake_prefix_path.ps1'
[2.174s] INFO:colcon.colcon_core.shell:Creating environment descriptor '/home/phyo/microros_ws/install/micro_ros_agent/share/micro_ros_agent/hook/cmake_prefix_path.dsv'
[2.174s] INFO:colcon.colcon_core.shell:Creating environment hook '/home/phyo/microros_ws/install/micro_ros_agent/share/micro_ros_agent/hook/cmake_prefix_path.sh'
[2.175s] Level 1:colcon.colcon_core.environment:checking '/home/phyo/microros_ws/install/micro_ros_agent/lib'
[2.175s] Level 1:colcon.colcon_core.shell:create_environment_hook('micro_ros_agent', 'ld_library_path_lib')
[2.176s] INFO:colcon.colcon_core.shell:Creating environment hook '/home/phyo/microros_ws/install/micro_ros_agent/share/micro_ros_agent/hook/ld_library_path_lib.ps1'
[2.176s] INFO:colcon.colcon_core.shell:Creating environment descriptor '/home/phyo/microros_ws/install/micro_ros_agent/share/micro_ros_agent/hook/ld_library_path_lib.dsv'
[2.177s] INFO:colcon.colcon_core.shell:Creating environment hook '/home/phyo/microros_ws/install/micro_ros_agent/share/micro_ros_agent/hook/ld_library_path_lib.sh'
[2.177s] Level 1:colcon.colcon_core.environment:checking '/home/phyo/microros_ws/install/micro_ros_agent/bin'
[2.177s] Level 1:colcon.colcon_core.environment:checking '/home/phyo/microros_ws/install/micro_ros_agent/lib/pkgconfig/micro_ros_agent.pc'
[2.177s] Level 1:colcon.colcon_core.environment:checking '/home/phyo/microros_ws/install/micro_ros_agent/lib/python3.10/site-packages'
[2.177s] Level 1:colcon.colcon_core.environment:checking '/home/phyo/microros_ws/install/micro_ros_agent/bin'
[2.179s] INFO:colcon.colcon_core.shell:Creating package script '/home/phyo/microros_ws/install/micro_ros_agent/share/micro_ros_agent/package.ps1'
[2.179s] INFO:colcon.colcon_core.shell:Creating package descriptor '/home/phyo/microros_ws/install/micro_ros_agent/share/micro_ros_agent/package.dsv'
[2.179s] INFO:colcon.colcon_core.shell:Creating package script '/home/phyo/microros_ws/install/micro_ros_agent/share/micro_ros_agent/package.sh'
[2.180s] INFO:colcon.colcon_core.shell:Creating package script '/home/phyo/microros_ws/install/micro_ros_agent/share/micro_ros_agent/package.bash'
[2.180s] INFO:colcon.colcon_core.shell:Creating package script '/home/phyo/microros_ws/install/micro_ros_agent/share/micro_ros_agent/package.zsh'
[2.180s] Level 1:colcon.colcon_core.environment:create_file_with_runtime_dependencies(/home/phyo/microros_ws/install/micro_ros_agent/share/colcon-core/packages/micro_ros_agent)
[2.181s] DEBUG:colcon.colcon_parallel_executor.executor.parallel:closing loop
[2.181s] DEBUG:colcon.colcon_parallel_executor.executor.parallel:loop closed
[2.181s] DEBUG:colcon.colcon_parallel_executor.executor.parallel:run_until_complete finished with '0'
[2.181s] DEBUG:colcon.colcon_core.event_reactor:joining thread
[2.188s] INFO:colcon.colcon_core.plugin_system:Skipping extension 'colcon_notification.desktop_notification.terminal_notifier': Not used on non-Darwin systems
[2.188s] INFO:colcon.colcon_core.plugin_system:Skipping extension 'colcon_notification.desktop_notification.win32': Not used on non-Windows systems
[2.188s] INFO:colcon.colcon_notification.desktop_notification:Sending desktop notification using 'notify2'
[2.197s] DEBUG:colcon.colcon_core.event_reactor:joined thread
[2.199s] INFO:colcon.colcon_core.shell:Creating prefix script '/home/phyo/microros_ws/install/local_setup.ps1'
[2.200s] INFO:colcon.colcon_core.shell:Creating prefix util module '/home/phyo/microros_ws/install/_local_setup_util_ps1.py'
[2.201s] INFO:colcon.colcon_core.shell:Creating prefix chain script '/home/phyo/microros_ws/install/setup.ps1'
[2.203s] INFO:colcon.colcon_core.shell:Creating prefix script '/home/phyo/microros_ws/install/local_setup.sh'
[2.203s] INFO:colcon.colcon_core.shell:Creating prefix util module '/home/phyo/microros_ws/install/_local_setup_util_sh.py'
[2.204s] INFO:colcon.colcon_core.shell:Creating prefix chain script '/home/phyo/microros_ws/install/setup.sh'
[2.206s] INFO:colcon.colcon_core.shell:Creating prefix script '/home/phyo/microros_ws/install/local_setup.bash'
[2.206s] INFO:colcon.colcon_core.shell:Creating prefix chain script '/home/phyo/microros_ws/install/setup.bash'
[2.209s] INFO:colcon.colcon_core.shell:Creating prefix script '/home/phyo/microros_ws/install/local_setup.zsh'
[2.209s] INFO:colcon.colcon_core.shell:Creating prefix chain script '/home/phyo/microros_ws/install/setup.zsh'
