[0.015s] Invoking command in '/home/phyo/microros_ws/build/micro_ros_msgs': CMAKE_PREFIX_PATH=${CMAKE_PREFIX_PATH}:/home/phyo/ROS2/workspace/install/urdf_example:/home/phyo/ROS2/workspace/install/py_srvcli:/home/phyo/ROS2/workspace/install/py_pubsub:/home/phyo/ROS2/workspace/install/turtlebot3_dqn:/home/phyo/ROS2/workspace/install/python_parameters:/home/phyo/ROS2/workspace/install/py_launch_example:/home/phyo/ROS2/workspace/install/learning_tf2_py:/home/phyo/ROS2/workspace/install/launch_tutorial:/opt/ros/humble /usr/bin/cmake /home/phyo/microros_ws/src/uros/micro_ros_msgs -DUAGENT_BUILD_EXECUTABLE=OFF -DUAGENT_P2P_PROFILE=OFF --no-warn-unused-cli -DCMAKE_INSTALL_PREFIX=/home/phyo/microros_ws/install/micro_ros_msgs
[0.023s] Not searching for unused variables given on the command line.
[0.072s] -- The C compiler identification is GNU 11.3.0
[0.123s] -- The CXX compiler identification is GNU 11.3.0
[0.130s] -- Detecting C compiler ABI info
[0.196s] -- Detecting C compiler ABI info - done
[0.204s] -- Check for working C compiler: /usr/bin/cc - skipped
[0.204s] -- Detecting C compile features
[0.205s] -- Detecting C compile features - done
[0.208s] -- Detecting CXX compiler ABI info
[0.284s] -- Detecting CXX compiler ABI info - done
[0.291s] -- Check for working CXX compiler: /usr/bin/c++ - skipped
[0.291s] -- Detecting CXX compile features
[0.292s] -- Detecting CXX compile features - done
[0.296s] -- Found ament_cmake: 1.3.5 (/opt/ros/humble/share/ament_cmake/cmake)
[0.495s] -- Found Python3: /usr/bin/python3.10 (found version "3.10.6") found components: Interpreter 
[0.624s] -- Found rosidl_default_generators: 1.2.0 (/opt/ros/humble/share/rosidl_default_generators/cmake)
[0.637s] -- Using all available rosidl_typesupport_c: rosidl_typesupport_fastrtps_c;rosidl_typesupport_introspection_c
[0.654s] -- Found rosidl_adapter: 3.1.4 (/opt/ros/humble/share/rosidl_adapter/cmake)
[0.773s] -- Using all available rosidl_typesupport_cpp: rosidl_typesupport_fastrtps_cpp;rosidl_typesupport_introspection_cpp
[0.844s] -- Found ament_lint_auto: 0.12.6 (/opt/ros/humble/share/ament_lint_auto/cmake)
[1.191s] -- Found ament_cmake_ros: 0.10.0 (/opt/ros/humble/share/ament_cmake_ros/cmake)
[1.520s] -- Using all available rosidl_typesupport_c: rosidl_typesupport_fastrtps_c;rosidl_typesupport_introspection_c
[1.780s] -- Using all available rosidl_typesupport_cpp: rosidl_typesupport_fastrtps_cpp;rosidl_typesupport_introspection_cpp
[1.807s] -- Found PythonInterp: /usr/bin/python3 (found suitable version "3.10.6", minimum required is "3.6") 
[1.812s] -- Found python_cmake_module: 0.10.0 (/opt/ros/humble/share/python_cmake_module/cmake)
[1.852s] -- Found PythonLibs: /usr/lib/x86_64-linux-gnu/libpython3.10.so (found suitable version "3.10.6", minimum required is "3.5") 
[1.852s] -- Using PYTHON_EXECUTABLE: /usr/bin/python3
[1.852s] -- Using PYTHON_INCLUDE_DIRS: /usr/include/python3.10
[1.852s] -- Using PYTHON_LIBRARIES: /usr/lib/x86_64-linux-gnu/libpython3.10.so
[1.877s] -- Found PythonExtra: .so  
[1.922s] -- Added test 'copyright' to check source files copyright and LICENSE
[1.930s] -- Added test 'lint_cmake' to check CMake code style
[1.934s] -- Added test 'xmllint' to check XML markup files
[1.944s] -- Configuring done
[1.976s] -- Generating done
[1.978s] -- Build files have been written to: /home/phyo/microros_ws/build/micro_ros_msgs
[1.984s] Invoked command in '/home/phyo/microros_ws/build/micro_ros_msgs' returned '0': CMAKE_PREFIX_PATH=${CMAKE_PREFIX_PATH}:/home/phyo/ROS2/workspace/install/urdf_example:/home/phyo/ROS2/workspace/install/py_srvcli:/home/phyo/ROS2/workspace/install/py_pubsub:/home/phyo/ROS2/workspace/install/turtlebot3_dqn:/home/phyo/ROS2/workspace/install/python_parameters:/home/phyo/ROS2/workspace/install/py_launch_example:/home/phyo/ROS2/workspace/install/learning_tf2_py:/home/phyo/ROS2/workspace/install/launch_tutorial:/opt/ros/humble /usr/bin/cmake /home/phyo/microros_ws/src/uros/micro_ros_msgs -DUAGENT_BUILD_EXECUTABLE=OFF -DUAGENT_P2P_PROFILE=OFF --no-warn-unused-cli -DCMAKE_INSTALL_PREFIX=/home/phyo/microros_ws/install/micro_ros_msgs
[1.986s] Invoking command in '/home/phyo/microros_ws/build/micro_ros_msgs': CMAKE_PREFIX_PATH=${CMAKE_PREFIX_PATH}:/home/phyo/ROS2/workspace/install/urdf_example:/home/phyo/ROS2/workspace/install/py_srvcli:/home/phyo/ROS2/workspace/install/py_pubsub:/home/phyo/ROS2/workspace/install/turtlebot3_dqn:/home/phyo/ROS2/workspace/install/python_parameters:/home/phyo/ROS2/workspace/install/py_launch_example:/home/phyo/ROS2/workspace/install/learning_tf2_py:/home/phyo/ROS2/workspace/install/launch_tutorial:/opt/ros/humble /usr/bin/cmake --build /home/phyo/microros_ws/build/micro_ros_msgs -- -j8 -l8
[2.026s] [  2%] [34m[1mGenerating C code for ROS interfaces[0m
[2.035s] [  4%] [34m[1mGenerating C++ code for ROS interfaces[0m
[2.044s] [  4%] Built target ament_cmake_python_copy_micro_ros_msgs
[2.354s] running egg_info
[2.354s] creating micro_ros_msgs.egg-info
[2.354s] writing micro_ros_msgs.egg-info/PKG-INFO
[2.355s] writing dependency_links to micro_ros_msgs.egg-info/dependency_links.txt
[2.355s] writing top-level names to micro_ros_msgs.egg-info/top_level.txt
[2.355s] writing manifest file 'micro_ros_msgs.egg-info/SOURCES.txt'
[2.358s] reading manifest file 'micro_ros_msgs.egg-info/SOURCES.txt'
[2.358s] writing manifest file 'micro_ros_msgs.egg-info/SOURCES.txt'
[2.383s] [  4%] Built target ament_cmake_python_build_micro_ros_msgs_egg
[2.441s] [  6%] [32mBuilding C object CMakeFiles/micro_ros_msgs__rosidl_generator_c.dir/rosidl_generator_c/micro_ros_msgs/msg/detail/node__functions.c.o[0m
[2.442s] [  8%] [32mBuilding C object CMakeFiles/micro_ros_msgs__rosidl_generator_c.dir/rosidl_generator_c/micro_ros_msgs/msg/detail/graph__functions.c.o[0m
[2.442s] [ 10%] [32mBuilding C object CMakeFiles/micro_ros_msgs__rosidl_generator_c.dir/rosidl_generator_c/micro_ros_msgs/msg/detail/entity__functions.c.o[0m
[2.449s] [ 10%] Built target micro_ros_msgs__cpp
[2.459s] [ 12%] [34m[1mGenerating C++ type support dispatch for ROS interfaces[0m
[2.460s] [ 17%] [34m[1mGenerating C++ introspection for ROS interfaces[0m
[2.460s] [ 17%] [34m[1mGenerating C++ type support for eProsima Fast-RTPS[0m
[2.581s] [ 19%] [32m[1mLinking C shared library libmicro_ros_msgs__rosidl_generator_c.so[0m
[2.623s] [ 19%] Built target micro_ros_msgs__rosidl_generator_c
[2.638s] [ 25%] [34m[1mGenerating C type support dispatch for ROS interfaces[0m
[2.638s] [ 25%] [34m[1mGenerating C introspection for ROS interfaces[0m
[2.639s] [ 25%] [34m[1mGenerating C type support for eProsima Fast-RTPS[0m
[2.942s] [ 29%] [32mBuilding CXX object CMakeFiles/micro_ros_msgs__rosidl_typesupport_cpp.dir/rosidl_typesupport_cpp/micro_ros_msgs/msg/entity__type_support.cpp.o[0m
[2.942s] [ 29%] [32mBuilding CXX object CMakeFiles/micro_ros_msgs__rosidl_typesupport_cpp.dir/rosidl_typesupport_cpp/micro_ros_msgs/msg/graph__type_support.cpp.o[0m
[2.945s] [ 31%] [32mBuilding CXX object CMakeFiles/micro_ros_msgs__rosidl_typesupport_fastrtps_cpp.dir/rosidl_typesupport_fastrtps_cpp/micro_ros_msgs/msg/detail/dds_fastrtps/graph__type_support.cpp.o[0m
[2.947s] [ 34%] [32mBuilding CXX object CMakeFiles/micro_ros_msgs__rosidl_typesupport_cpp.dir/rosidl_typesupport_cpp/micro_ros_msgs/msg/node__type_support.cpp.o[0m
[3.030s] [ 36%] [32mBuilding CXX object CMakeFiles/micro_ros_msgs__rosidl_typesupport_introspection_cpp.dir/rosidl_typesupport_introspection_cpp/micro_ros_msgs/msg/detail/graph__type_support.cpp.o[0m
[3.108s] [ 38%] [32mBuilding CXX object CMakeFiles/micro_ros_msgs__rosidl_typesupport_c.dir/rosidl_typesupport_c/micro_ros_msgs/msg/graph__type_support.cpp.o[0m
[3.191s] [ 40%] [32mBuilding CXX object CMakeFiles/micro_ros_msgs__rosidl_typesupport_c.dir/rosidl_typesupport_c/micro_ros_msgs/msg/node__type_support.cpp.o[0m
[3.259s] [ 42%] [32mBuilding CXX object CMakeFiles/micro_ros_msgs__rosidl_typesupport_c.dir/rosidl_typesupport_c/micro_ros_msgs/msg/entity__type_support.cpp.o[0m
[3.330s] [ 44%] [32m[1mLinking CXX shared library libmicro_ros_msgs__rosidl_typesupport_c.so[0m
[3.411s] [ 44%] Built target micro_ros_msgs__rosidl_typesupport_c
[3.415s] [ 46%] [32mBuilding C object CMakeFiles/micro_ros_msgs__rosidl_typesupport_introspection_c.dir/rosidl_typesupport_introspection_c/micro_ros_msgs/msg/detail/graph__type_support.c.o[0m
[3.419s] [ 48%] [32mBuilding CXX object CMakeFiles/micro_ros_msgs__rosidl_typesupport_fastrtps_c.dir/rosidl_typesupport_fastrtps_c/micro_ros_msgs/msg/detail/graph__type_support_c.cpp.o[0m
[3.440s] [ 51%] [32mBuilding CXX object CMakeFiles/micro_ros_msgs__rosidl_typesupport_fastrtps_c.dir/rosidl_typesupport_fastrtps_c/micro_ros_msgs/msg/detail/node__type_support_c.cpp.o[0m
[3.525s] [ 53%] [32mBuilding C object CMakeFiles/micro_ros_msgs__rosidl_typesupport_introspection_c.dir/rosidl_typesupport_introspection_c/micro_ros_msgs/msg/detail/node__type_support.c.o[0m
[3.560s] [ 57%] [32m[1mLinking CXX shared library libmicro_ros_msgs__rosidl_typesupport_cpp.so[0m
[3.560s] [ 57%] [32mBuilding C object CMakeFiles/micro_ros_msgs__rosidl_typesupport_introspection_c.dir/rosidl_typesupport_introspection_c/micro_ros_msgs/msg/detail/entity__type_support.c.o[0m
[3.561s] [ 59%] [32mBuilding CXX object CMakeFiles/micro_ros_msgs__rosidl_typesupport_introspection_cpp.dir/rosidl_typesupport_introspection_cpp/micro_ros_msgs/msg/detail/node__type_support.cpp.o[0m
[3.608s] [ 61%] [32mBuilding CXX object CMakeFiles/micro_ros_msgs__rosidl_typesupport_introspection_cpp.dir/rosidl_typesupport_introspection_cpp/micro_ros_msgs/msg/detail/entity__type_support.cpp.o[0m
[3.638s] [ 63%] [32m[1mLinking C shared library libmicro_ros_msgs__rosidl_typesupport_introspection_c.so[0m
[3.651s] [ 63%] Built target micro_ros_msgs__rosidl_typesupport_cpp
[3.665s] [ 65%] [32mBuilding CXX object CMakeFiles/micro_ros_msgs__rosidl_typesupport_fastrtps_c.dir/rosidl_typesupport_fastrtps_c/micro_ros_msgs/msg/detail/entity__type_support_c.cpp.o[0m
[3.701s] [ 65%] Built target micro_ros_msgs__rosidl_typesupport_introspection_c
[3.715s] [ 68%] [32mBuilding CXX object CMakeFiles/micro_ros_msgs__rosidl_typesupport_fastrtps_cpp.dir/rosidl_typesupport_fastrtps_cpp/micro_ros_msgs/msg/detail/dds_fastrtps/node__type_support.cpp.o[0m
[4.979s] [ 70%] [32m[1mLinking CXX shared library libmicro_ros_msgs__rosidl_typesupport_fastrtps_c.so[0m
[4.979s] [ 72%] [32mBuilding CXX object CMakeFiles/micro_ros_msgs__rosidl_typesupport_fastrtps_cpp.dir/rosidl_typesupport_fastrtps_cpp/micro_ros_msgs/msg/detail/dds_fastrtps/entity__type_support.cpp.o[0m
[5.067s] [ 74%] [32m[1mLinking CXX shared library libmicro_ros_msgs__rosidl_typesupport_introspection_cpp.so[0m
[5.080s] [ 74%] Built target micro_ros_msgs__rosidl_typesupport_fastrtps_c
[5.176s] [ 74%] Built target micro_ros_msgs__rosidl_typesupport_introspection_cpp
[5.434s] [ 76%] [32m[1mLinking CXX shared library libmicro_ros_msgs__rosidl_typesupport_fastrtps_cpp.so[0m
[5.515s] [ 76%] Built target micro_ros_msgs__rosidl_typesupport_fastrtps_cpp
[5.538s] [ 76%] Built target micro_ros_msgs
[5.559s] [ 78%] [34m[1mGenerating Python code for ROS interfaces[0m
[6.025s] [ 78%] Built target micro_ros_msgs__py
[6.046s] [ 85%] [32mBuilding C object CMakeFiles/micro_ros_msgs__rosidl_generator_py.dir/rosidl_generator_py/micro_ros_msgs/msg/_graph_s.c.o[0m
[6.046s] [ 85%] [32mBuilding C object CMakeFiles/micro_ros_msgs__rosidl_generator_py.dir/rosidl_generator_py/micro_ros_msgs/msg/_entity_s.c.o[0m
[6.046s] [ 85%] [32mBuilding C object CMakeFiles/micro_ros_msgs__rosidl_generator_py.dir/rosidl_generator_py/micro_ros_msgs/msg/_node_s.c.o[0m
[6.203s] [ 87%] [32m[1mLinking C shared library rosidl_generator_py/micro_ros_msgs/libmicro_ros_msgs__rosidl_generator_py.so[0m
[6.243s] [ 87%] Built target micro_ros_msgs__rosidl_generator_py
[6.263s] [ 93%] [32mBuilding C object CMakeFiles/micro_ros_msgs__rosidl_typesupport_fastrtps_c__pyext.dir/rosidl_generator_py/micro_ros_msgs/_micro_ros_msgs_s.ep.rosidl_typesupport_fastrtps_c.c.o[0m
[6.263s] [ 93%] [32mBuilding C object CMakeFiles/micro_ros_msgs__rosidl_typesupport_c__pyext.dir/rosidl_generator_py/micro_ros_msgs/_micro_ros_msgs_s.ep.rosidl_typesupport_c.c.o[0m
[6.263s] [ 93%] [32mBuilding C object CMakeFiles/micro_ros_msgs__rosidl_typesupport_introspection_c__pyext.dir/rosidl_generator_py/micro_ros_msgs/_micro_ros_msgs_s.ep.rosidl_typesupport_introspection_c.c.o[0m
[6.358s] [ 95%] [32m[1mLinking C shared library rosidl_generator_py/micro_ros_msgs/micro_ros_msgs_s__rosidl_typesupport_c.cpython-310-x86_64-linux-gnu.so[0m
[6.358s] [ 97%] [32m[1mLinking C shared library rosidl_generator_py/micro_ros_msgs/micro_ros_msgs_s__rosidl_typesupport_introspection_c.cpython-310-x86_64-linux-gnu.so[0m
[6.364s] [100%] [32m[1mLinking C shared library rosidl_generator_py/micro_ros_msgs/micro_ros_msgs_s__rosidl_typesupport_fastrtps_c.cpython-310-x86_64-linux-gnu.so[0m
[6.390s] [100%] Built target micro_ros_msgs__rosidl_typesupport_c__pyext
[6.390s] [100%] Built target micro_ros_msgs__rosidl_typesupport_introspection_c__pyext
[6.398s] [100%] Built target micro_ros_msgs__rosidl_typesupport_fastrtps_c__pyext
[6.410s] Invoked command in '/home/phyo/microros_ws/build/micro_ros_msgs' returned '0': CMAKE_PREFIX_PATH=${CMAKE_PREFIX_PATH}:/home/phyo/ROS2/workspace/install/urdf_example:/home/phyo/ROS2/workspace/install/py_srvcli:/home/phyo/ROS2/workspace/install/py_pubsub:/home/phyo/ROS2/workspace/install/turtlebot3_dqn:/home/phyo/ROS2/workspace/install/python_parameters:/home/phyo/ROS2/workspace/install/py_launch_example:/home/phyo/ROS2/workspace/install/learning_tf2_py:/home/phyo/ROS2/workspace/install/launch_tutorial:/opt/ros/humble /usr/bin/cmake --build /home/phyo/microros_ws/build/micro_ros_msgs -- -j8 -l8
[6.531s] Invoking command in '/home/phyo/microros_ws/build/micro_ros_msgs': CMAKE_PREFIX_PATH=${CMAKE_PREFIX_PATH}:/home/phyo/ROS2/workspace/install/urdf_example:/home/phyo/ROS2/workspace/install/py_srvcli:/home/phyo/ROS2/workspace/install/py_pubsub:/home/phyo/ROS2/workspace/install/turtlebot3_dqn:/home/phyo/ROS2/workspace/install/python_parameters:/home/phyo/ROS2/workspace/install/py_launch_example:/home/phyo/ROS2/workspace/install/learning_tf2_py:/home/phyo/ROS2/workspace/install/launch_tutorial:/opt/ros/humble /usr/bin/cmake --install /home/phyo/microros_ws/build/micro_ros_msgs
[6.539s] -- Install configuration: ""
[6.540s] -- Installing: /home/phyo/microros_ws/install/micro_ros_msgs/share/ament_index/resource_index/rosidl_interfaces/micro_ros_msgs
[6.540s] -- Installing: /home/phyo/microros_ws/install/micro_ros_msgs/include/micro_ros_msgs/micro_ros_msgs
[6.540s] -- Installing: /home/phyo/microros_ws/install/micro_ros_msgs/include/micro_ros_msgs/micro_ros_msgs/msg
[6.540s] -- Installing: /home/phyo/microros_ws/install/micro_ros_msgs/include/micro_ros_msgs/micro_ros_msgs/msg/entity.h
[6.541s] -- Installing: /home/phyo/microros_ws/install/micro_ros_msgs/include/micro_ros_msgs/micro_ros_msgs/msg/detail
[6.541s] -- Installing: /home/phyo/microros_ws/install/micro_ros_msgs/include/micro_ros_msgs/micro_ros_msgs/msg/detail/entity__struct.h
[6.541s] -- Installing: /home/phyo/microros_ws/install/micro_ros_msgs/include/micro_ros_msgs/micro_ros_msgs/msg/detail/node__struct.h
[6.541s] -- Installing: /home/phyo/microros_ws/install/micro_ros_msgs/include/micro_ros_msgs/micro_ros_msgs/msg/detail/node__type_support.h
[6.541s] -- Installing: /home/phyo/microros_ws/install/micro_ros_msgs/include/micro_ros_msgs/micro_ros_msgs/msg/detail/graph__type_support.h
[6.541s] -- Installing: /home/phyo/microros_ws/install/micro_ros_msgs/include/micro_ros_msgs/micro_ros_msgs/msg/detail/entity__type_support.h
[6.541s] -- Installing: /home/phyo/microros_ws/install/micro_ros_msgs/include/micro_ros_msgs/micro_ros_msgs/msg/detail/node__functions.c
[6.541s] -- Installing: /home/phyo/microros_ws/install/micro_ros_msgs/include/micro_ros_msgs/micro_ros_msgs/msg/detail/graph__struct.h
[6.542s] -- Installing: /home/phyo/microros_ws/install/micro_ros_msgs/include/micro_ros_msgs/micro_ros_msgs/msg/detail/entity__functions.h
[6.542s] -- Installing: /home/phyo/microros_ws/install/micro_ros_msgs/include/micro_ros_msgs/micro_ros_msgs/msg/detail/graph__functions.c
[6.542s] -- Installing: /home/phyo/microros_ws/install/micro_ros_msgs/include/micro_ros_msgs/micro_ros_msgs/msg/detail/node__functions.h
[6.542s] -- Installing: /home/phyo/microros_ws/install/micro_ros_msgs/include/micro_ros_msgs/micro_ros_msgs/msg/detail/graph__functions.h
[6.542s] -- Installing: /home/phyo/microros_ws/install/micro_ros_msgs/include/micro_ros_msgs/micro_ros_msgs/msg/detail/entity__functions.c
[6.542s] -- Installing: /home/phyo/microros_ws/install/micro_ros_msgs/include/micro_ros_msgs/micro_ros_msgs/msg/node.h
[6.542s] -- Installing: /home/phyo/microros_ws/install/micro_ros_msgs/include/micro_ros_msgs/micro_ros_msgs/msg/graph.h
[6.542s] -- Installing: /home/phyo/microros_ws/install/micro_ros_msgs/include/micro_ros_msgs/micro_ros_msgs/msg/rosidl_generator_c__visibility_control.h
[6.542s] -- Installing: /home/phyo/microros_ws/install/micro_ros_msgs/share/micro_ros_msgs/environment/library_path.sh
[6.543s] -- Installing: /home/phyo/microros_ws/install/micro_ros_msgs/share/micro_ros_msgs/environment/library_path.dsv
[6.554s] -- Installing: /home/phyo/microros_ws/install/micro_ros_msgs/lib/libmicro_ros_msgs__rosidl_generator_c.so
[6.556s] -- Set runtime path of "/home/phyo/microros_ws/install/micro_ros_msgs/lib/libmicro_ros_msgs__rosidl_generator_c.so" to ""
[6.557s] -- Up-to-date: /home/phyo/microros_ws/install/micro_ros_msgs/include/micro_ros_msgs/micro_ros_msgs
[6.558s] -- Up-to-date: /home/phyo/microros_ws/install/micro_ros_msgs/include/micro_ros_msgs/micro_ros_msgs/msg
[6.558s] -- Installing: /home/phyo/microros_ws/install/micro_ros_msgs/include/micro_ros_msgs/micro_ros_msgs/msg/rosidl_typesupport_fastrtps_c__visibility_control.h
[6.558s] -- Up-to-date: /home/phyo/microros_ws/install/micro_ros_msgs/include/micro_ros_msgs/micro_ros_msgs/msg/detail
[6.559s] -- Installing: /home/phyo/microros_ws/install/micro_ros_msgs/include/micro_ros_msgs/micro_ros_msgs/msg/detail/node__rosidl_typesupport_fastrtps_c.h
[6.559s] -- Installing: /home/phyo/microros_ws/install/micro_ros_msgs/include/micro_ros_msgs/micro_ros_msgs/msg/detail/entity__rosidl_typesupport_fastrtps_c.h
[6.559s] -- Installing: /home/phyo/microros_ws/install/micro_ros_msgs/include/micro_ros_msgs/micro_ros_msgs/msg/detail/graph__rosidl_typesupport_fastrtps_c.h
[6.560s] -- Installing: /home/phyo/microros_ws/install/micro_ros_msgs/lib/libmicro_ros_msgs__rosidl_typesupport_fastrtps_c.so
[6.560s] -- Set runtime path of "/home/phyo/microros_ws/install/micro_ros_msgs/lib/libmicro_ros_msgs__rosidl_typesupport_fastrtps_c.so" to ""
[6.561s] -- Up-to-date: /home/phyo/microros_ws/install/micro_ros_msgs/include/micro_ros_msgs/micro_ros_msgs
[6.561s] -- Up-to-date: /home/phyo/microros_ws/install/micro_ros_msgs/include/micro_ros_msgs/micro_ros_msgs/msg
[6.561s] -- Installing: /home/phyo/microros_ws/install/micro_ros_msgs/include/micro_ros_msgs/micro_ros_msgs/msg/rosidl_typesupport_introspection_c__visibility_control.h
[6.562s] -- Up-to-date: /home/phyo/microros_ws/install/micro_ros_msgs/include/micro_ros_msgs/micro_ros_msgs/msg/detail
[6.562s] -- Installing: /home/phyo/microros_ws/install/micro_ros_msgs/include/micro_ros_msgs/micro_ros_msgs/msg/detail/node__type_support.c
[6.562s] -- Installing: /home/phyo/microros_ws/install/micro_ros_msgs/include/micro_ros_msgs/micro_ros_msgs/msg/detail/entity__type_support.c
[6.562s] -- Installing: /home/phyo/microros_ws/install/micro_ros_msgs/include/micro_ros_msgs/micro_ros_msgs/msg/detail/graph__type_support.c
[6.563s] -- Installing: /home/phyo/microros_ws/install/micro_ros_msgs/include/micro_ros_msgs/micro_ros_msgs/msg/detail/entity__rosidl_typesupport_introspection_c.h
[6.563s] -- Installing: /home/phyo/microros_ws/install/micro_ros_msgs/include/micro_ros_msgs/micro_ros_msgs/msg/detail/graph__rosidl_typesupport_introspection_c.h
[6.563s] -- Installing: /home/phyo/microros_ws/install/micro_ros_msgs/include/micro_ros_msgs/micro_ros_msgs/msg/detail/node__rosidl_typesupport_introspection_c.h
[6.564s] -- Installing: /home/phyo/microros_ws/install/micro_ros_msgs/lib/libmicro_ros_msgs__rosidl_typesupport_introspection_c.so
[6.566s] -- Set runtime path of "/home/phyo/microros_ws/install/micro_ros_msgs/lib/libmicro_ros_msgs__rosidl_typesupport_introspection_c.so" to ""
[6.566s] -- Installing: /home/phyo/microros_ws/install/micro_ros_msgs/lib/libmicro_ros_msgs__rosidl_typesupport_c.so
[6.567s] -- Set runtime path of "/home/phyo/microros_ws/install/micro_ros_msgs/lib/libmicro_ros_msgs__rosidl_typesupport_c.so" to ""
[6.568s] -- Up-to-date: /home/phyo/microros_ws/install/micro_ros_msgs/include/micro_ros_msgs/micro_ros_msgs
[6.568s] -- Up-to-date: /home/phyo/microros_ws/install/micro_ros_msgs/include/micro_ros_msgs/micro_ros_msgs/msg
[6.568s] -- Installing: /home/phyo/microros_ws/install/micro_ros_msgs/include/micro_ros_msgs/micro_ros_msgs/msg/entity.hpp
[6.569s] -- Up-to-date: /home/phyo/microros_ws/install/micro_ros_msgs/include/micro_ros_msgs/micro_ros_msgs/msg/detail
[6.569s] -- Installing: /home/phyo/microros_ws/install/micro_ros_msgs/include/micro_ros_msgs/micro_ros_msgs/msg/detail/entity__struct.hpp
[6.569s] -- Installing: /home/phyo/microros_ws/install/micro_ros_msgs/include/micro_ros_msgs/micro_ros_msgs/msg/detail/entity__builder.hpp
[6.570s] -- Installing: /home/phyo/microros_ws/install/micro_ros_msgs/include/micro_ros_msgs/micro_ros_msgs/msg/detail/node__traits.hpp
[6.570s] -- Installing: /home/phyo/microros_ws/install/micro_ros_msgs/include/micro_ros_msgs/micro_ros_msgs/msg/detail/graph__builder.hpp
[6.570s] -- Installing: /home/phyo/microros_ws/install/micro_ros_msgs/include/micro_ros_msgs/micro_ros_msgs/msg/detail/node__builder.hpp
[6.571s] -- Installing: /home/phyo/microros_ws/install/micro_ros_msgs/include/micro_ros_msgs/micro_ros_msgs/msg/detail/node__struct.hpp
[6.571s] -- Installing: /home/phyo/microros_ws/install/micro_ros_msgs/include/micro_ros_msgs/micro_ros_msgs/msg/detail/entity__traits.hpp
[6.571s] -- Installing: /home/phyo/microros_ws/install/micro_ros_msgs/include/micro_ros_msgs/micro_ros_msgs/msg/detail/graph__struct.hpp
[6.572s] -- Installing: /home/phyo/microros_ws/install/micro_ros_msgs/include/micro_ros_msgs/micro_ros_msgs/msg/detail/graph__traits.hpp
[6.572s] -- Installing: /home/phyo/microros_ws/install/micro_ros_msgs/include/micro_ros_msgs/micro_ros_msgs/msg/graph.hpp
[6.572s] -- Installing: /home/phyo/microros_ws/install/micro_ros_msgs/include/micro_ros_msgs/micro_ros_msgs/msg/node.hpp
[6.573s] -- Up-to-date: /home/phyo/microros_ws/install/micro_ros_msgs/include/micro_ros_msgs/micro_ros_msgs
[6.573s] -- Up-to-date: /home/phyo/microros_ws/install/micro_ros_msgs/include/micro_ros_msgs/micro_ros_msgs/msg
[6.573s] -- Installing: /home/phyo/microros_ws/install/micro_ros_msgs/include/micro_ros_msgs/micro_ros_msgs/msg/rosidl_typesupport_fastrtps_cpp__visibility_control.h
[6.574s] -- Up-to-date: /home/phyo/microros_ws/install/micro_ros_msgs/include/micro_ros_msgs/micro_ros_msgs/msg/detail
[6.574s] -- Installing: /home/phyo/microros_ws/install/micro_ros_msgs/include/micro_ros_msgs/micro_ros_msgs/msg/detail/node__rosidl_typesupport_fastrtps_cpp.hpp
[6.574s] -- Installing: /home/phyo/microros_ws/install/micro_ros_msgs/include/micro_ros_msgs/micro_ros_msgs/msg/detail/dds_fastrtps
[6.574s] -- Installing: /home/phyo/microros_ws/install/micro_ros_msgs/include/micro_ros_msgs/micro_ros_msgs/msg/detail/entity__rosidl_typesupport_fastrtps_cpp.hpp
[6.574s] -- Installing: /home/phyo/microros_ws/install/micro_ros_msgs/include/micro_ros_msgs/micro_ros_msgs/msg/detail/graph__rosidl_typesupport_fastrtps_cpp.hpp
[6.575s] -- Installing: /home/phyo/microros_ws/install/micro_ros_msgs/lib/libmicro_ros_msgs__rosidl_typesupport_fastrtps_cpp.so
[6.576s] -- Set runtime path of "/home/phyo/microros_ws/install/micro_ros_msgs/lib/libmicro_ros_msgs__rosidl_typesupport_fastrtps_cpp.so" to ""
[6.576s] -- Up-to-date: /home/phyo/microros_ws/install/micro_ros_msgs/include/micro_ros_msgs/micro_ros_msgs
[6.576s] -- Up-to-date: /home/phyo/microros_ws/install/micro_ros_msgs/include/micro_ros_msgs/micro_ros_msgs/msg
[6.577s] -- Up-to-date: /home/phyo/microros_ws/install/micro_ros_msgs/include/micro_ros_msgs/micro_ros_msgs/msg/detail
[6.577s] -- Installing: /home/phyo/microros_ws/install/micro_ros_msgs/include/micro_ros_msgs/micro_ros_msgs/msg/detail/graph__type_support.cpp
[6.577s] -- Installing: /home/phyo/microros_ws/install/micro_ros_msgs/include/micro_ros_msgs/micro_ros_msgs/msg/detail/entity__rosidl_typesupport_introspection_cpp.hpp
[6.577s] -- Installing: /home/phyo/microros_ws/install/micro_ros_msgs/include/micro_ros_msgs/micro_ros_msgs/msg/detail/graph__rosidl_typesupport_introspection_cpp.hpp
[6.577s] -- Installing: /home/phyo/microros_ws/install/micro_ros_msgs/include/micro_ros_msgs/micro_ros_msgs/msg/detail/node__rosidl_typesupport_introspection_cpp.hpp
[6.578s] -- Installing: /home/phyo/microros_ws/install/micro_ros_msgs/include/micro_ros_msgs/micro_ros_msgs/msg/detail/node__type_support.cpp
[6.578s] -- Installing: /home/phyo/microros_ws/install/micro_ros_msgs/include/micro_ros_msgs/micro_ros_msgs/msg/detail/entity__type_support.cpp
[6.578s] -- Installing: /home/phyo/microros_ws/install/micro_ros_msgs/lib/libmicro_ros_msgs__rosidl_typesupport_introspection_cpp.so
[6.580s] -- Set runtime path of "/home/phyo/microros_ws/install/micro_ros_msgs/lib/libmicro_ros_msgs__rosidl_typesupport_introspection_cpp.so" to ""
[6.580s] -- Installing: /home/phyo/microros_ws/install/micro_ros_msgs/lib/libmicro_ros_msgs__rosidl_typesupport_cpp.so
[6.580s] -- Set runtime path of "/home/phyo/microros_ws/install/micro_ros_msgs/lib/libmicro_ros_msgs__rosidl_typesupport_cpp.so" to ""
[6.580s] -- Installing: /home/phyo/microros_ws/install/micro_ros_msgs/share/micro_ros_msgs/environment/pythonpath.sh
[6.582s] -- Installing: /home/phyo/microros_ws/install/micro_ros_msgs/share/micro_ros_msgs/environment/pythonpath.dsv
[6.582s] -- Installing: /home/phyo/microros_ws/install/micro_ros_msgs/local/lib/python3.10/dist-packages/micro_ros_msgs-3.0.0-py3.10.egg-info
[6.582s] -- Installing: /home/phyo/microros_ws/install/micro_ros_msgs/local/lib/python3.10/dist-packages/micro_ros_msgs-3.0.0-py3.10.egg-info/PKG-INFO
[6.583s] -- Installing: /home/phyo/microros_ws/install/micro_ros_msgs/local/lib/python3.10/dist-packages/micro_ros_msgs-3.0.0-py3.10.egg-info/top_level.txt
[6.583s] -- Installing: /home/phyo/microros_ws/install/micro_ros_msgs/local/lib/python3.10/dist-packages/micro_ros_msgs-3.0.0-py3.10.egg-info/dependency_links.txt
[6.583s] -- Installing: /home/phyo/microros_ws/install/micro_ros_msgs/local/lib/python3.10/dist-packages/micro_ros_msgs-3.0.0-py3.10.egg-info/SOURCES.txt
[6.594s] -- Installing: /home/phyo/microros_ws/install/micro_ros_msgs/local/lib/python3.10/dist-packages/micro_ros_msgs
[6.594s] -- Installing: /home/phyo/microros_ws/install/micro_ros_msgs/local/lib/python3.10/dist-packages/micro_ros_msgs/_micro_ros_msgs_s.ep.rosidl_typesupport_introspection_c.c
[6.594s] -- Installing: /home/phyo/microros_ws/install/micro_ros_msgs/local/lib/python3.10/dist-packages/micro_ros_msgs/libmicro_ros_msgs__rosidl_generator_py.so
[6.595s] -- Installing: /home/phyo/microros_ws/install/micro_ros_msgs/local/lib/python3.10/dist-packages/micro_ros_msgs/msg
[6.595s] -- Installing: /home/phyo/microros_ws/install/micro_ros_msgs/local/lib/python3.10/dist-packages/micro_ros_msgs/msg/_entity.py
[6.595s] -- Installing: /home/phyo/microros_ws/install/micro_ros_msgs/local/lib/python3.10/dist-packages/micro_ros_msgs/msg/_entity_s.c
[6.595s] -- Installing: /home/phyo/microros_ws/install/micro_ros_msgs/local/lib/python3.10/dist-packages/micro_ros_msgs/msg/_node.py
[6.595s] -- Installing: /home/phyo/microros_ws/install/micro_ros_msgs/local/lib/python3.10/dist-packages/micro_ros_msgs/msg/_node_s.c
[6.595s] -- Installing: /home/phyo/microros_ws/install/micro_ros_msgs/local/lib/python3.10/dist-packages/micro_ros_msgs/msg/_graph.py
[6.595s] -- Installing: /home/phyo/microros_ws/install/micro_ros_msgs/local/lib/python3.10/dist-packages/micro_ros_msgs/msg/__init__.py
[6.596s] -- Installing: /home/phyo/microros_ws/install/micro_ros_msgs/local/lib/python3.10/dist-packages/micro_ros_msgs/msg/_graph_s.c
[6.596s] -- Installing: /home/phyo/microros_ws/install/micro_ros_msgs/local/lib/python3.10/dist-packages/micro_ros_msgs/micro_ros_msgs_s__rosidl_typesupport_fastrtps_c.cpython-310-x86_64-linux-gnu.so
[6.596s] -- Installing: /home/phyo/microros_ws/install/micro_ros_msgs/local/lib/python3.10/dist-packages/micro_ros_msgs/_micro_ros_msgs_s.ep.rosidl_typesupport_fastrtps_c.c
[6.596s] -- Installing: /home/phyo/microros_ws/install/micro_ros_msgs/local/lib/python3.10/dist-packages/micro_ros_msgs/micro_ros_msgs_s__rosidl_typesupport_c.cpython-310-x86_64-linux-gnu.so
[6.596s] -- Installing: /home/phyo/microros_ws/install/micro_ros_msgs/local/lib/python3.10/dist-packages/micro_ros_msgs/micro_ros_msgs_s__rosidl_typesupport_introspection_c.cpython-310-x86_64-linux-gnu.so
[6.597s] -- Installing: /home/phyo/microros_ws/install/micro_ros_msgs/local/lib/python3.10/dist-packages/micro_ros_msgs/__init__.py
[6.597s] -- Installing: /home/phyo/microros_ws/install/micro_ros_msgs/local/lib/python3.10/dist-packages/micro_ros_msgs/_micro_ros_msgs_s.ep.rosidl_typesupport_c.c
[6.654s] Listing '/home/phyo/microros_ws/install/micro_ros_msgs/local/lib/python3.10/dist-packages/micro_ros_msgs'...
[6.654s] Compiling '/home/phyo/microros_ws/install/micro_ros_msgs/local/lib/python3.10/dist-packages/micro_ros_msgs/__init__.py'...
[6.654s] Listing '/home/phyo/microros_ws/install/micro_ros_msgs/local/lib/python3.10/dist-packages/micro_ros_msgs/msg'...
[6.655s] Compiling '/home/phyo/microros_ws/install/micro_ros_msgs/local/lib/python3.10/dist-packages/micro_ros_msgs/msg/__init__.py'...
[6.655s] Compiling '/home/phyo/microros_ws/install/micro_ros_msgs/local/lib/python3.10/dist-packages/micro_ros_msgs/msg/_entity.py'...
[6.655s] Compiling '/home/phyo/microros_ws/install/micro_ros_msgs/local/lib/python3.10/dist-packages/micro_ros_msgs/msg/_graph.py'...
[6.655s] Compiling '/home/phyo/microros_ws/install/micro_ros_msgs/local/lib/python3.10/dist-packages/micro_ros_msgs/msg/_node.py'...
[6.659s] -- Installing: /home/phyo/microros_ws/install/micro_ros_msgs/local/lib/python3.10/dist-packages/micro_ros_msgs/micro_ros_msgs_s__rosidl_typesupport_fastrtps_c.cpython-310-x86_64-linux-gnu.so
[6.659s] -- Set runtime path of "/home/phyo/microros_ws/install/micro_ros_msgs/local/lib/python3.10/dist-packages/micro_ros_msgs/micro_ros_msgs_s__rosidl_typesupport_fastrtps_c.cpython-310-x86_64-linux-gnu.so" to ""
[6.659s] -- Installing: /home/phyo/microros_ws/install/micro_ros_msgs/local/lib/python3.10/dist-packages/micro_ros_msgs/micro_ros_msgs_s__rosidl_typesupport_introspection_c.cpython-310-x86_64-linux-gnu.so
[6.660s] -- Set runtime path of "/home/phyo/microros_ws/install/micro_ros_msgs/local/lib/python3.10/dist-packages/micro_ros_msgs/micro_ros_msgs_s__rosidl_typesupport_introspection_c.cpython-310-x86_64-linux-gnu.so" to ""
[6.660s] -- Installing: /home/phyo/microros_ws/install/micro_ros_msgs/local/lib/python3.10/dist-packages/micro_ros_msgs/micro_ros_msgs_s__rosidl_typesupport_c.cpython-310-x86_64-linux-gnu.so
[6.660s] -- Set runtime path of "/home/phyo/microros_ws/install/micro_ros_msgs/local/lib/python3.10/dist-packages/micro_ros_msgs/micro_ros_msgs_s__rosidl_typesupport_c.cpython-310-x86_64-linux-gnu.so" to ""
[6.660s] -- Installing: /home/phyo/microros_ws/install/micro_ros_msgs/lib/libmicro_ros_msgs__rosidl_generator_py.so
[6.661s] -- Set runtime path of "/home/phyo/microros_ws/install/micro_ros_msgs/lib/libmicro_ros_msgs__rosidl_generator_py.so" to ""
[6.661s] -- Installing: /home/phyo/microros_ws/install/micro_ros_msgs/share/micro_ros_msgs/msg/Graph.idl
[6.661s] -- Installing: /home/phyo/microros_ws/install/micro_ros_msgs/share/micro_ros_msgs/msg/Node.idl
[6.661s] -- Installing: /home/phyo/microros_ws/install/micro_ros_msgs/share/micro_ros_msgs/msg/Entity.idl
[6.661s] -- Installing: /home/phyo/microros_ws/install/micro_ros_msgs/share/micro_ros_msgs/msg/Graph.msg
[6.661s] -- Installing: /home/phyo/microros_ws/install/micro_ros_msgs/share/micro_ros_msgs/msg/Node.msg
[6.661s] -- Installing: /home/phyo/microros_ws/install/micro_ros_msgs/share/micro_ros_msgs/msg/Entity.msg
[6.661s] -- Installing: /home/phyo/microros_ws/install/micro_ros_msgs/share/ament_index/resource_index/package_run_dependencies/micro_ros_msgs
[6.662s] -- Installing: /home/phyo/microros_ws/install/micro_ros_msgs/share/ament_index/resource_index/parent_prefix_path/micro_ros_msgs
[6.662s] -- Installing: /home/phyo/microros_ws/install/micro_ros_msgs/share/micro_ros_msgs/environment/ament_prefix_path.sh
[6.662s] -- Installing: /home/phyo/microros_ws/install/micro_ros_msgs/share/micro_ros_msgs/environment/ament_prefix_path.dsv
[6.664s] -- Installing: /home/phyo/microros_ws/install/micro_ros_msgs/share/micro_ros_msgs/environment/path.sh
[6.664s] -- Installing: /home/phyo/microros_ws/install/micro_ros_msgs/share/micro_ros_msgs/environment/path.dsv
[6.665s] -- Installing: /home/phyo/microros_ws/install/micro_ros_msgs/share/micro_ros_msgs/local_setup.bash
[6.666s] -- Installing: /home/phyo/microros_ws/install/micro_ros_msgs/share/micro_ros_msgs/local_setup.sh
[6.667s] -- Installing: /home/phyo/microros_ws/install/micro_ros_msgs/share/micro_ros_msgs/local_setup.zsh
[6.668s] -- Installing: /home/phyo/microros_ws/install/micro_ros_msgs/share/micro_ros_msgs/local_setup.dsv
[6.668s] -- Installing: /home/phyo/microros_ws/install/micro_ros_msgs/share/micro_ros_msgs/package.dsv
[6.669s] -- Installing: /home/phyo/microros_ws/install/micro_ros_msgs/share/ament_index/resource_index/packages/micro_ros_msgs
[6.670s] -- Installing: /home/phyo/microros_ws/install/micro_ros_msgs/share/micro_ros_msgs/cmake/export_micro_ros_msgs__rosidl_generator_cExport.cmake
[6.671s] -- Installing: /home/phyo/microros_ws/install/micro_ros_msgs/share/micro_ros_msgs/cmake/export_micro_ros_msgs__rosidl_generator_cExport-noconfig.cmake
[6.671s] -- Installing: /home/phyo/microros_ws/install/micro_ros_msgs/share/micro_ros_msgs/cmake/export_micro_ros_msgs__rosidl_typesupport_fastrtps_cExport.cmake
[6.672s] -- Installing: /home/phyo/microros_ws/install/micro_ros_msgs/share/micro_ros_msgs/cmake/export_micro_ros_msgs__rosidl_typesupport_fastrtps_cExport-noconfig.cmake
[6.672s] -- Installing: /home/phyo/microros_ws/install/micro_ros_msgs/share/micro_ros_msgs/cmake/micro_ros_msgs__rosidl_typesupport_introspection_cExport.cmake
[6.673s] -- Installing: /home/phyo/microros_ws/install/micro_ros_msgs/share/micro_ros_msgs/cmake/micro_ros_msgs__rosidl_typesupport_introspection_cExport-noconfig.cmake
[6.674s] -- Installing: /home/phyo/microros_ws/install/micro_ros_msgs/share/micro_ros_msgs/cmake/micro_ros_msgs__rosidl_typesupport_cExport.cmake
[6.674s] -- Installing: /home/phyo/microros_ws/install/micro_ros_msgs/share/micro_ros_msgs/cmake/micro_ros_msgs__rosidl_typesupport_cExport-noconfig.cmake
[6.675s] -- Installing: /home/phyo/microros_ws/install/micro_ros_msgs/share/micro_ros_msgs/cmake/export_micro_ros_msgs__rosidl_generator_cppExport.cmake
[6.675s] -- Installing: /home/phyo/microros_ws/install/micro_ros_msgs/share/micro_ros_msgs/cmake/export_micro_ros_msgs__rosidl_typesupport_fastrtps_cppExport.cmake
[6.676s] -- Installing: /home/phyo/microros_ws/install/micro_ros_msgs/share/micro_ros_msgs/cmake/export_micro_ros_msgs__rosidl_typesupport_fastrtps_cppExport-noconfig.cmake
[6.677s] -- Installing: /home/phyo/microros_ws/install/micro_ros_msgs/share/micro_ros_msgs/cmake/micro_ros_msgs__rosidl_typesupport_introspection_cppExport.cmake
[6.677s] -- Installing: /home/phyo/microros_ws/install/micro_ros_msgs/share/micro_ros_msgs/cmake/micro_ros_msgs__rosidl_typesupport_introspection_cppExport-noconfig.cmake
[6.678s] -- Installing: /home/phyo/microros_ws/install/micro_ros_msgs/share/micro_ros_msgs/cmake/micro_ros_msgs__rosidl_typesupport_cppExport.cmake
[6.678s] -- Installing: /home/phyo/microros_ws/install/micro_ros_msgs/share/micro_ros_msgs/cmake/micro_ros_msgs__rosidl_typesupport_cppExport-noconfig.cmake
[6.679s] -- Installing: /home/phyo/microros_ws/install/micro_ros_msgs/share/micro_ros_msgs/cmake/export_micro_ros_msgs__rosidl_generator_pyExport.cmake
[6.679s] -- Installing: /home/phyo/microros_ws/install/micro_ros_msgs/share/micro_ros_msgs/cmake/export_micro_ros_msgs__rosidl_generator_pyExport-noconfig.cmake
[6.680s] -- Installing: /home/phyo/microros_ws/install/micro_ros_msgs/share/micro_ros_msgs/cmake/rosidl_cmake-extras.cmake
[6.681s] -- Installing: /home/phyo/microros_ws/install/micro_ros_msgs/share/micro_ros_msgs/cmake/ament_cmake_export_include_directories-extras.cmake
[6.682s] -- Installing: /home/phyo/microros_ws/install/micro_ros_msgs/share/micro_ros_msgs/cmake/ament_cmake_export_libraries-extras.cmake
[6.682s] -- Installing: /home/phyo/microros_ws/install/micro_ros_msgs/share/micro_ros_msgs/cmake/ament_cmake_export_targets-extras.cmake
[6.683s] -- Installing: /home/phyo/microros_ws/install/micro_ros_msgs/share/micro_ros_msgs/cmake/rosidl_cmake_export_typesupport_targets-extras.cmake
[6.684s] -- Installing: /home/phyo/microros_ws/install/micro_ros_msgs/share/micro_ros_msgs/cmake/ament_cmake_export_dependencies-extras.cmake
[6.685s] -- Installing: /home/phyo/microros_ws/install/micro_ros_msgs/share/micro_ros_msgs/cmake/rosidl_cmake_export_typesupport_libraries-extras.cmake
[6.685s] -- Installing: /home/phyo/microros_ws/install/micro_ros_msgs/share/micro_ros_msgs/cmake/micro_ros_msgsConfig.cmake
[6.687s] -- Installing: /home/phyo/microros_ws/install/micro_ros_msgs/share/micro_ros_msgs/cmake/micro_ros_msgsConfig-version.cmake
[6.687s] -- Installing: /home/phyo/microros_ws/install/micro_ros_msgs/share/micro_ros_msgs/package.xml
[6.695s] Invoked command in '/home/phyo/microros_ws/build/micro_ros_msgs' returned '0': CMAKE_PREFIX_PATH=${CMAKE_PREFIX_PATH}:/home/phyo/ROS2/workspace/install/urdf_example:/home/phyo/ROS2/workspace/install/py_srvcli:/home/phyo/ROS2/workspace/install/py_pubsub:/home/phyo/ROS2/workspace/install/turtlebot3_dqn:/home/phyo/ROS2/workspace/install/python_parameters:/home/phyo/ROS2/workspace/install/py_launch_example:/home/phyo/ROS2/workspace/install/learning_tf2_py:/home/phyo/ROS2/workspace/install/launch_tutorial:/opt/ros/humble /usr/bin/cmake --install /home/phyo/microros_ws/build/micro_ros_msgs
